100.03.30 14:04 B D:\WEBarpcv\ARPCV\ARPCV.htm --> ftpperso.free.fr / ARPCV.htm
100.03.31 09:28 B D:\WEBarpcv\ARPCV\ARPCV.htm --> ftpperso.free.fr / ARPCV.htm
101.06.15 17:14 B D:\WEBarpcv\ARPCV\index.htm <-- ftpperso.free.fr / index.htm
101.06.15 17:21 B D:\WEBarpcv\ARPCV\Fd1.gif <-- ftpperso.free.fr / Fd1.gif
101.06.15 17:21 B D:\WEBarpcv\ARPCV\fdc.htm <-- ftpperso.free.fr / fdc.htm
101.06.15 17:21 B D:\WEBarpcv\ARPCV\feu.htm <-- ftpperso.free.fr / feu.htm
101.06.15 17:21 B D:\WEBarpcv\ARPCV\frene.htm <-- ftpperso.free.fr / frene.htm
101.06.15 17:21 B D:\WEBarpcv\ARPCV\frene.JPG <-- ftpperso.free.fr / frene.JPG
101.06.15 17:21 B D:\WEBarpcv\ARPCV\frene1.JPG <-- ftpperso.free.fr / frene1.JPG
101.06.15 17:21 B D:\WEBarpcv\ARPCV\frenefleur <-- ftpperso.free.fr / frenefleur
101.06.15 17:21 B D:\WEBarpcv\ARPCV\geai.htm <-- ftpperso.free.fr / geai.htm
101.06.15 17:21 B D:\WEBarpcv\ARPCV\genFaune <-- ftpperso.free.fr / genFaune
101.06.15 17:21 B D:\WEBarpcv\ARPCV\genFlore <-- ftpperso.free.fr / genFlore
101.06.15 17:21 B D:\WEBarpcv\ARPCV\genFlore1 <-- ftpperso.free.fr / genFlore1
101.06.15 17:21 B D:\WEBarpcv\ARPCV\geologie.htm <-- ftpperso.free.fr / geologie.htm
101.06.15 17:21 B D:\WEBarpcv\ARPCV\gros plan alisier blanc <-- ftpperso.free.fr / gros plan alisier blanc
101.06.15 17:21 B D:\WEBarpcv\ARPCV\gros plan fr%90ne <-- ftpperso.free.fr / gros plan fr%90ne
101.06.15 17:21 B D:\WEBarpcv\ARPCV\guid.htm <-- ftpperso.free.fr / guid.htm
101.06.15 17:21 B D:\WEBarpcv\ARPCV\guide.jpg <-- ftpperso.free.fr / guide.jpg
101.06.15 17:22 B D:\WEBarpcv\ARPCV\Hist.gif <-- ftpperso.free.fr / Hist.gif
101.06.15 17:22 B D:\WEBarpcv\ARPCV\histo1.htm <-- ftpperso.free.fr / histo1.htm
101.06.15 17:22 B D:\WEBarpcv\ARPCV\histo2.htm <-- ftpperso.free.fr / histo2.htm
101.06.15 17:22 B D:\WEBarpcv\ARPCV\histo3.htm <-- ftpperso.free.fr / histo3.htm
101.06.15 17:22 B D:\WEBarpcv\ARPCV\homcoucou.gif <-- ftpperso.free.fr / homcoucou.gif
101.06.15 17:22 B D:\WEBarpcv\ARPCV\index.htm <-- ftpperso.free.fr / index.htm
101.06.15 17:22 B D:\WEBarpcv\ARPCV\infos.htm <-- ftpperso.free.fr / infos.htm
101.06.15 17:22 B D:\WEBarpcv\ARPCV\livre.htm <-- ftpperso.free.fr / livre.htm
101.06.15 17:22 B D:\WEBarpcv\ARPCV\Livres.gif <-- ftpperso.free.fr / Livres.gif
101.06.15 17:22 B D:\WEBarpcv\ARPCV\livsent <-- ftpperso.free.fr / livsent
101.06.15 17:22 B D:\WEBarpcv\ARPCV\logo banq pop <-- ftpperso.free.fr / logo banq pop
101.06.15 17:22 B D:\WEBarpcv\ARPCV\logo communes <-- ftpperso.free.fr / logo communes
101.06.15 17:22 B D:\WEBarpcv\ARPCV\logo communes <-- ftpperso.free.fr / logo communes
101.06.15 17:22 B D:\WEBarpcv\ARPCV\logo diren <-- ftpperso.free.fr / logo diren
101.06.15 17:22 B D:\WEBarpcv\ARPCV\logo fac1 <-- ftpperso.free.fr / logo fac1
101.06.15 17:22 B D:\WEBarpcv\ARPCV\logo PACA <-- ftpperso.free.fr / logo PACA
101.06.15 17:22 B D:\WEBarpcv\ARPCV\logo patagonia <-- ftpperso.free.fr / logo patagonia
101.06.15 17:22 B D:\WEBarpcv\ARPCV\logo rectorat <-- ftpperso.free.fr / logo rectorat
101.06.15 17:22 B D:\WEBarpcv\ARPCV\logo rousset <-- ftpperso.free.fr / logo rousset
101.06.15 17:22 B D:\WEBarpcv\ARPCV\logo sivu <-- ftpperso.free.fr / logo sivu
101.06.15 17:22 B D:\WEBarpcv\ARPCV\logo sivu1 <-- ftpperso.free.fr / logo sivu1
101.06.15 17:22 B D:\WEBarpcv\ARPCV\logo ST <-- ftpperso.free.fr / logo ST
101.06.15 17:22 B D:\WEBarpcv\ARPCV\logoAix <-- ftpperso.free.fr / logoAix
101.06.15 17:22 B D:\WEBarpcv\ARPCV\logocg13 <-- ftpperso.free.fr / logocg13
101.06.15 17:22 B D:\WEBarpcv\ARPCV\logogaz de fce <-- ftpperso.free.fr / logogaz de fce
101.06.15 17:22 B D:\WEBarpcv\ARPCV\logoours <-- ftpperso.free.fr / logoours
101.06.15 17:22 B D:\WEBarpcv\ARPCV\mail17.gif <-- ftpperso.free.fr / mail17.gif
101.06.15 17:22 B D:\WEBarpcv\ARPCV\marne <-- ftpperso.free.fr / marne
101.06.15 17:22 B D:\WEBarpcv\ARPCV\net1.gif <-- ftpperso.free.fr / net1.gif
101.06.15 17:22 B D:\WEBarpcv\ARPCV\New-sstitre.gif <-- ftpperso.free.fr / New-sstitre.gif
101.06.15 17:22 B D:\WEBarpcv\ARPCV\Newac.gif <-- ftpperso.free.fr / Newac.gif
101.06.15 17:22 B D:\WEBarpcv\ARPCV\Newad.gif <-- ftpperso.free.fr / Newad.gif
101.06.15 17:22 B D:\WEBarpcv\ARPCV\Newcal.gif <-- ftpperso.free.fr / Newcal.gif
101.06.15 17:22 B D:\WEBarpcv\ARPCV\Newcoord.gif <-- ftpperso.free.fr / Newcoord.gif
101.06.15 17:22 B D:\WEBarpcv\ARPCV\Newfoto.gif <-- ftpperso.free.fr / Newfoto.gif
101.06.15 17:22 B D:\WEBarpcv\ARPCV\Newhist.gif <-- ftpperso.free.fr / Newhist.gif
101.06.15 17:22 B D:\WEBarpcv\ARPCV\Newjour.gif <-- ftpperso.free.fr / Newjour.gif
101.06.15 17:22 B D:\WEBarpcv\ARPCV\Newpedago.gif <-- ftpperso.free.fr / Newpedago.gif
101.06.15 17:22 B D:\WEBarpcv\ARPCV\Newproj.gif <-- ftpperso.free.fr / Newproj.gif
101.06.15 17:22 B D:\WEBarpcv\ARPCV\Newreali.gif <-- ftpperso.free.fr / Newreali.gif
101.06.15 17:22 B D:\WEBarpcv\ARPCV\Newreb.gif <-- ftpperso.free.fr / Newreb.gif
101.06.15 17:22 B D:\WEBarpcv\ARPCV\Newrej.gif <-- ftpperso.free.fr / Newrej.gif
101.06.15 17:22 B D:\WEBarpcv\ARPCV\oiseau.htm <-- ftpperso.free.fr / oiseau.htm
101.06.15 17:22 B D:\WEBarpcv\ARPCV\oiseaux.gif <-- ftpperso.free.fr / oiseaux.gif
101.06.15 17:22 B D:\WEBarpcv\ARPCV\partenaire.htm <-- ftpperso.free.fr / partenaire.htm
101.06.15 17:22 B D:\WEBarpcv\ARPCV\pedago.htm <-- ftpperso.free.fr / pedago.htm
101.06.15 17:22 B D:\WEBarpcv\ARPCV\photo.htm <-- ftpperso.free.fr / photo.htm
101.06.15 17:22 B D:\WEBarpcv\ARPCV\plant <-- ftpperso.free.fr / plant
101.06.15 17:22 B D:\WEBarpcv\ARPCV\poisson.htm <-- ftpperso.free.fr / poisson.htm
101.06.15 17:22 B D:\WEBarpcv\ARPCV\programme.jpg <-- ftpperso.free.fr / programme.jpg
101.06.15 17:22 B D:\WEBarpcv\ARPCV\Puce.gif <-- ftpperso.free.fr / Puce.gif
101.06.15 17:22 B D:\WEBarpcv\ARPCV\reali.htm <-- ftpperso.free.fr / reali.htm
101.06.15 17:22 B D:\WEBarpcv\ARPCV\Reb.gif <-- ftpperso.free.fr / Reb.gif
101.06.15 17:22 B D:\WEBarpcv\ARPCV\reboise.htm <-- ftpperso.free.fr / reboise.htm
101.06.15 17:22 B D:\WEBarpcv\ARPCV\reboisement1998.jpg <-- ftpperso.free.fr / reboisement1998.jpg
101.06.15 17:22 B D:\WEBarpcv\ARPCV\reboisement1999.jpg <-- ftpperso.free.fr / reboisement1999.jpg
101.06.15 17:22 B D:\WEBarpcv\ARPCV\reboist1998.jpg <-- ftpperso.free.fr / reboist1998.jpg
101.06.15 17:22 B D:\WEBarpcv\ARPCV\rebt.htm <-- ftpperso.free.fr / rebt.htm
101.06.15 17:22 B D:\WEBarpcv\ARPCV\rompre.htm <-- ftpperso.free.fr / rompre.htm
101.06.15 17:22 B D:\WEBarpcv\ARPCV\semgland.htm <-- ftpperso.free.fr / semgland.htm
101.06.15 17:22 B D:\WEBarpcv\ARPCV\semis.htm <-- ftpperso.free.fr / semis.htm
101.06.15 17:22 B D:\WEBarpcv\ARPCV\sentier1.jpg <-- ftpperso.free.fr / sentier1.jpg
101.06.15 17:22 B D:\WEBarpcv\ARPCV\serre.htm <-- ftpperso.free.fr / serre.htm
101.06.15 17:22 B D:\WEBarpcv\ARPCV\sorbier.htm <-- ftpperso.free.fr / sorbier.htm
101.06.15 17:22 B D:\WEBarpcv\ARPCV\sourcevie.htm <-- ftpperso.free.fr / sourcevie.htm
101.06.15 17:22 B D:\WEBarpcv\ARPCV\sstitre.gif <-- ftpperso.free.fr / sstitre.gif
101.06.15 17:22 B D:\WEBarpcv\ARPCV\standabeilles.jpg <-- ftpperso.free.fr / standabeilles.jpg
101.06.15 17:22 B D:\WEBarpcv\ARPCV\standCouleurGarance.jpg <-- ftpperso.free.fr / standCouleurGarance.jpg
101.06.15 17:22 B D:\WEBarpcv\ARPCV\standGazdeFce.jpg <-- ftpperso.free.fr / standGazdeFce.jpg
101.06.15 17:22 B D:\WEBarpcv\ARPCV\standMAcreation.jpg <-- ftpperso.free.fr / standMAcreation.jpg
101.06.15 17:22 B D:\WEBarpcv\ARPCV\StandMarie.jpg <-- ftpperso.free.fr / StandMarie.jpg
101.06.15 17:22 B D:\WEBarpcv\ARPCV\standoeufdino.jpg <-- ftpperso.free.fr / standoeufdino.jpg
101.06.15 17:22 B D:\WEBarpcv\ARPCV\standONF.jpg <-- ftpperso.free.fr / standONF.jpg
101.06.15 17:22 B D:\WEBarpcv\ARPCV\standSABAST.jpg <-- ftpperso.free.fr / standSABAST.jpg
101.06.15 17:22 B D:\WEBarpcv\ARPCV\standSIVU.jpg <-- ftpperso.free.fr / standSIVU.jpg
101.06.15 17:22 B D:\WEBarpcv\ARPCV\stevictoire <-- ftpperso.free.fr / stevictoire
101.06.15 17:22 B D:\WEBarpcv\ARPCV\stevictoire1 <-- ftpperso.free.fr / stevictoire1
101.06.15 17:22 B D:\WEBarpcv\ARPCV\tel.gif <-- ftpperso.free.fr / tel.gif
101.06.15 17:22 B D:\WEBarpcv\ARPCV\tholonet.htm <-- ftpperso.free.fr / tholonet.htm
101.06.15 17:22 B D:\WEBarpcv\ARPCV\titrearpcv.gif <-- ftpperso.free.fr / titrearpcv.gif
101.06.15 17:22 B D:\WEBarpcv\ARPCV\titrebul.gif <-- ftpperso.free.fr / titrebul.gif
101.06.15 17:22 B D:\WEBarpcv\ARPCV\titrefdc <-- ftpperso.free.fr / titrefdc
101.06.15 17:22 B D:\WEBarpcv\ARPCV\titrereal.gif <-- ftpperso.free.fr / titrereal.gif
101.06.15 17:22 B D:\WEBarpcv\ARPCV\travaux.gif <-- ftpperso.free.fr / travaux.gif
101.06.15 17:22 B D:\WEBarpcv\ARPCV\treeWHT.gif <-- ftpperso.free.fr / treeWHT.gif
101.06.15 17:22 B D:\WEBarpcv\ARPCV\zoomalisier.jpg <-- ftpperso.free.fr / zoomalisier.jpg
101.06.15 17:22 B D:\WEBarpcv\ARPCV\zoomfrene.jpg <-- ftpperso.free.fr / zoomfrene.jpg
101.06.15 17:23 B D:\WEBarpcv\ARPCV\2028.gif copier <-- ftpperso.free.fr / 2028.gif copier
101.06.15 17:23 B D:\WEBarpcv\ARPCV\Act.gif <-- ftpperso.free.fr / Act.gif
101.06.15 17:23 B D:\WEBarpcv\ARPCV\activite.htm <-- ftpperso.free.fr / activite.htm
101.06.15 17:23 B D:\WEBarpcv\ARPCV\Ad.gif <-- ftpperso.free.fr / Ad.gif
101.06.15 17:23 B D:\WEBarpcv\ARPCV\adhes.htm <-- ftpperso.free.fr / adhes.htm
101.06.15 17:23 B D:\WEBarpcv\ARPCV\adresse.gif <-- ftpperso.free.fr / adresse.gif
101.06.15 17:23 B D:\WEBarpcv\ARPCV\aide2 <-- ftpperso.free.fr / aide2
101.06.15 17:23 B D:\WEBarpcv\ARPCV\aigle.htm <-- ftpperso.free.fr / aigle.htm
101.06.15 17:23 B D:\WEBarpcv\ARPCV\aigle1 <-- ftpperso.free.fr / aigle1
101.06.15 17:23 B D:\WEBarpcv\ARPCV\arboretum.htm <-- ftpperso.free.fr / arboretum.htm
101.06.15 17:23 B D:\WEBarpcv\ARPCV\arbre an.htm <-- ftpperso.free.fr / arbre an.htm
101.06.15 17:23 B D:\WEBarpcv\ARPCV\bien.gif <-- ftpperso.free.fr / bien.gif
101.06.15 17:23 B D:\WEBarpcv\ARPCV\biodiversite.htm <-- ftpperso.free.fr / biodiversite.htm
101.06.15 17:23 B D:\WEBarpcv\ARPCV\Breche <-- ftpperso.free.fr / Breche
101.06.15 17:23 B D:\WEBarpcv\ARPCV\bulfoto.htm <-- ftpperso.free.fr / bulfoto.htm
101.06.15 17:23 B D:\WEBarpcv\ARPCV\calend.htm <-- ftpperso.free.fr / calend.htm
101.06.15 17:23 B D:\WEBarpcv\ARPCV\cartebarrage <-- ftpperso.free.fr / cartebarrage
101.06.15 17:23 B D:\WEBarpcv\ARPCV\cartecaban <-- ftpperso.free.fr / cartecaban
101.06.15 17:23 B D:\WEBarpcv\ARPCV\cartechico <-- ftpperso.free.fr / cartechico
101.06.15 17:23 B D:\WEBarpcv\ARPCV\cartemoul <-- ftpperso.free.fr / cartemoul
101.06.15 17:23 B D:\WEBarpcv\ARPCV\cartepap <-- ftpperso.free.fr / cartepap
101.06.15 17:23 B D:\WEBarpcv\ARPCV\carteplanta <-- ftpperso.free.fr / carteplanta
101.06.15 17:23 B D:\WEBarpcv\ARPCV\cartes.htm <-- ftpperso.free.fr / cartes.htm
101.06.15 17:23 B D:\WEBarpcv\ARPCV\cartestant <-- ftpperso.free.fr / cartestant
101.06.15 17:23 B D:\WEBarpcv\ARPCV\cartetulip <-- ftpperso.free.fr / cartetulip
101.06.15 17:23 B D:\WEBarpcv\ARPCV\CD.gif <-- ftpperso.free.fr / CD.gif
101.06.15 17:23 B D:\WEBarpcv\ARPCV\cdcouv.gif <-- ftpperso.free.fr / cdcouv.gif
101.06.15 17:23 B D:\WEBarpcv\ARPCV\cdrom.htm <-- ftpperso.free.fr / cdrom.htm
101.06.15 17:23 B D:\WEBarpcv\ARPCV\champignon <-- ftpperso.free.fr / champignon
101.06.15 17:23 B D:\WEBarpcv\ARPCV\champignon.htm <-- ftpperso.free.fr / champignon.htm
101.06.15 17:23 B D:\WEBarpcv\ARPCV\chateauTholonet <-- ftpperso.free.fr / chateauTholonet
101.06.15 17:23 B D:\WEBarpcv\ARPCV\chene.htm <-- ftpperso.free.fr / chene.htm
101.06.15 17:23 B D:\WEBarpcv\ARPCV\chene1 <-- ftpperso.free.fr / chene1
101.06.15 17:23 B D:\WEBarpcv\ARPCV\cheneblanc99.jpg <-- ftpperso.free.fr / cheneblanc99.jpg
101.06.15 17:23 B D:\WEBarpcv\ARPCV\commande.htm <-- ftpperso.free.fr / commande.htm
101.06.15 17:23 B D:\WEBarpcv\ARPCV\coord.htm <-- ftpperso.free.fr / coord.htm
101.06.15 17:23 B D:\WEBarpcv\ARPCV\couvfdc <-- ftpperso.free.fr / couvfdc
101.06.15 17:23 B D:\WEBarpcv\ARPCV\crayon.gif <-- ftpperso.free.fr / crayon.gif
101.06.15 17:23 B D:\WEBarpcv\ARPCV\dino <-- ftpperso.free.fr / dino
101.06.15 17:23 B D:\WEBarpcv\ARPCV\dinosaure.htm <-- ftpperso.free.fr / dinosaure.htm
101.06.15 17:23 B D:\WEBarpcv\ARPCV\drapeau <-- ftpperso.free.fr / drapeau
101.06.15 17:23 B D:\WEBarpcv\ARPCV\eduquer.htm <-- ftpperso.free.fr / eduquer.htm
101.06.15 17:23 B D:\WEBarpcv\ARPCV\encours2.gif <-- ftpperso.free.fr / encours2.gif
101.06.15 17:23 B D:\WEBarpcv\ARPCV\EnfantsSteVictoire.jpg <-- ftpperso.free.fr / EnfantsSteVictoire.jpg
101.06.15 17:23 B D:\WEBarpcv\ARPCV\envlp.gif <-- ftpperso.free.fr / envlp.gif
101.06.15 17:23 B D:\WEBarpcv\ARPCV\erable.htm <-- ftpperso.free.fr / erable.htm
101.06.15 17:23 B D:\WEBarpcv\ARPCV\erable1 <-- ftpperso.free.fr / erable1
101.06.15 17:23 B D:\WEBarpcv\ARPCV\exlivre <-- ftpperso.free.fr / exlivre
101.06.15 17:23 B D:\WEBarpcv\ARPCV\expert.htm <-- ftpperso.free.fr / expert.htm
101.06.15 18:06 B D:\WEBarpcv\ARPCV\index.htm --> ftpperso.free.fr / index.htm
101.06.15 18:07 B D:\WEBarpcv\ARPCV\infos.htm <-- ftpperso.free.fr / infos.htm
101.06.18 16:15 B D:\WEBarpcv\ARPCV\2028.gif --> ftpperso.free.fr / 2028.gif
101.06.18 16:15 B D:\WEBarpcv\ARPCV\2028.gif copier --> ftpperso.free.fr / 2028.gif copier
101.06.18 16:15 B D:\WEBarpcv\ARPCV\Act.gif --> ftpperso.free.fr / Act.gif
101.06.18 16:15 B D:\WEBarpcv\ARPCV\activite.htm --> ftpperso.free.fr / activite.htm
101.06.18 16:15 B D:\WEBarpcv\ARPCV\Ad.gif --> ftpperso.free.fr / Ad.gif
101.06.18 16:15 B D:\WEBarpcv\ARPCV\adhes.htm --> ftpperso.free.fr / adhes.htm
101.06.18 16:15 B D:\WEBarpcv\ARPCV\adresse.gif --> ftpperso.free.fr / adresse.gif
101.06.18 16:15 B D:\WEBarpcv\ARPCV\aide2.jpg --> ftpperso.free.fr / aide2.jpg
101.06.18 16:15 B D:\WEBarpcv\ARPCV\aigle.htm --> ftpperso.free.fr / aigle.htm
101.06.18 16:15 B D:\WEBarpcv\ARPCV\aigle1.jpg --> ftpperso.free.fr / aigle1.jpg
101.06.18 16:15 B D:\WEBarpcv\ARPCV\arboretum.htm --> ftpperso.free.fr / arboretum.htm
101.06.18 16:15 B D:\WEBarpcv\ARPCV\arbre an.htm --> ftpperso.free.fr / arbre an.htm
101.06.18 16:15 B D:\WEBarpcv\ARPCV\bien.gif --> ftpperso.free.fr / bien.gif
101.06.18 16:15 B D:\WEBarpcv\ARPCV\biodiversite.htm --> ftpperso.free.fr / biodiversite.htm
101.06.18 16:15 B D:\WEBarpcv\ARPCV\Breche.jpg --> ftpperso.free.fr / Breche.jpg
101.06.18 16:15 B D:\WEBarpcv\ARPCV\bulfoto.htm --> ftpperso.free.fr / bulfoto.htm
101.06.18 16:15 B D:\WEBarpcv\ARPCV\calend.htm --> ftpperso.free.fr / calend.htm
101.06.18 16:15 B D:\WEBarpcv\ARPCV\cartebarrage.jpg --> ftpperso.free.fr / cartebarrage.jpg
101.06.18 16:15 B D:\WEBarpcv\ARPCV\cartecaban.jpg --> ftpperso.free.fr / cartecaban.jpg
101.06.18 16:15 B D:\WEBarpcv\ARPCV\cartechico.jpg --> ftpperso.free.fr / cartechico.jpg
101.06.18 16:15 B D:\WEBarpcv\ARPCV\cartepap.jpg --> ftpperso.free.fr / cartepap.jpg
101.06.18 16:15 B D:\WEBarpcv\ARPCV\carteplanta.jpg --> ftpperso.free.fr / carteplanta.jpg
101.06.18 16:15 B D:\WEBarpcv\ARPCV\cartes.htm --> ftpperso.free.fr / cartes.htm
101.06.18 16:15 B D:\WEBarpcv\ARPCV\cartestant.jpg --> ftpperso.free.fr / cartestant.jpg
101.06.18 16:15 B D:\WEBarpcv\ARPCV\cartetulip.jpg --> ftpperso.free.fr / cartetulip.jpg
101.06.18 16:15 B D:\WEBarpcv\ARPCV\cartmoul.jpg --> ftpperso.free.fr / cartmoul.jpg
101.06.18 16:15 B D:\WEBarpcv\ARPCV\CD.gif --> ftpperso.free.fr / CD.gif
101.06.18 16:15 B D:\WEBarpcv\ARPCV\cdcouv.gif --> ftpperso.free.fr / cdcouv.gif
101.06.18 16:15 B D:\WEBarpcv\ARPCV\cdrom.htm --> ftpperso.free.fr / cdrom.htm
101.06.18 16:15 B D:\WEBarpcv\ARPCV\champignon --> ftpperso.free.fr / champignon
101.06.18 16:15 B D:\WEBarpcv\ARPCV\champignon.htm --> ftpperso.free.fr / champignon.htm
101.06.18 16:15 B D:\WEBarpcv\ARPCV\chateauTholonet.jpg --> ftpperso.free.fr / chateauTholonet.jpg
101.06.18 16:15 B D:\WEBarpcv\ARPCV\chene.htm --> ftpperso.free.fr / chene.htm
101.06.18 16:15 B D:\WEBarpcv\ARPCV\chene1.jpg --> ftpperso.free.fr / chene1.jpg
101.06.18 16:15 B D:\WEBarpcv\ARPCV\cheneblanc99.jpg --> ftpperso.free.fr / cheneblanc99.jpg
101.06.18 16:15 B D:\WEBarpcv\ARPCV\commande.htm --> ftpperso.free.fr / commande.htm
101.06.18 16:15 B D:\WEBarpcv\ARPCV\coord.htm --> ftpperso.free.fr / coord.htm
101.06.18 16:15 B D:\WEBarpcv\ARPCV\couvfdc.gif --> ftpperso.free.fr / couvfdc.gif
101.06.18 16:15 B D:\WEBarpcv\ARPCV\crayon.gif --> ftpperso.free.fr / crayon.gif
101.06.18 16:16 B D:\WEBarpcv\ARPCV\dino.jpeg --> ftpperso.free.fr / dino.jpeg
101.06.18 16:16 B D:\WEBarpcv\ARPCV\dinosaure.htm --> ftpperso.free.fr / dinosaure.htm
101.06.18 16:16 B D:\WEBarpcv\ARPCV\drapeau.gif --> ftpperso.free.fr / drapeau.gif
101.06.18 16:16 B D:\WEBarpcv\ARPCV\eduquer.htm --> ftpperso.free.fr / eduquer.htm
101.06.18 16:16 B D:\WEBarpcv\ARPCV\encours2.gif --> ftpperso.free.fr / encours2.gif
101.06.18 16:16 B D:\WEBarpcv\ARPCV\EnfantsSteVictoire.jpg --> ftpperso.free.fr / EnfantsSteVictoire.jpg
101.06.18 16:16 B D:\WEBarpcv\ARPCV\envlp.gif --> ftpperso.free.fr / envlp.gif
101.06.18 16:16 B D:\WEBarpcv\ARPCV\erable.htm --> ftpperso.free.fr / erable.htm
101.06.18 16:16 B D:\WEBarpcv\ARPCV\erable1.jpg --> ftpperso.free.fr / erable1.jpg
101.06.18 16:16 B D:\WEBarpcv\ARPCV\exlivre.gif --> ftpperso.free.fr / exlivre.gif
101.06.18 16:16 B D:\WEBarpcv\ARPCV\expert.htm --> ftpperso.free.fr / expert.htm
101.06.18 16:16 B D:\WEBarpcv\ARPCV\Fd1.gif --> ftpperso.free.fr / Fd1.gif
101.06.18 16:16 B D:\WEBarpcv\ARPCV\fdc.htm --> ftpperso.free.fr / fdc.htm
101.06.18 16:16 B D:\WEBarpcv\ARPCV\feu.htm --> ftpperso.free.fr / feu.htm
101.06.18 16:16 B D:\WEBarpcv\ARPCV\frene.htm --> ftpperso.free.fr / frene.htm
101.06.18 16:16 B D:\WEBarpcv\ARPCV\frene.jpg --> ftpperso.free.fr / frene.jpg
101.06.18 16:16 B D:\WEBarpcv\ARPCV\frene1.jpg --> ftpperso.free.fr / frene1.jpg
101.06.18 16:16 B D:\WEBarpcv\ARPCV\frenefleur.jpg --> ftpperso.free.fr / frenefleur.jpg
101.06.18 16:16 B D:\WEBarpcv\ARPCV\geai.htm --> ftpperso.free.fr / geai.htm
101.06.18 16:16 B D:\WEBarpcv\ARPCV\genFaune.jpg --> ftpperso.free.fr / genFaune.jpg
101.06.18 16:16 B D:\WEBarpcv\ARPCV\genFlore.jpg --> ftpperso.free.fr / genFlore.jpg
101.06.18 16:16 B D:\WEBarpcv\ARPCV\genFlore1.jpg --> ftpperso.free.fr / genFlore1.jpg
101.06.18 16:16 B D:\WEBarpcv\ARPCV\geologie.htm --> ftpperso.free.fr / geologie.htm
101.06.18 16:16 B D:\WEBarpcv\ARPCV\gros plan alisier blanc.jpg --> ftpperso.free.fr / gros plan alisier blanc.jpg
101.06.18 16:16 B D:\WEBarpcv\ARPCV\gros plan frene.jpg --> ftpperso.free.fr / gros plan frene.jpg
101.06.18 16:16 B D:\WEBarpcv\ARPCV\guid.htm --> ftpperso.free.fr / guid.htm
101.06.18 16:16 B D:\WEBarpcv\ARPCV\guide.jpg --> ftpperso.free.fr / guide.jpg
101.06.18 16:16 B D:\WEBarpcv\ARPCV\Hist.gif --> ftpperso.free.fr / Hist.gif
101.06.18 16:16 B D:\WEBarpcv\ARPCV\histo1.htm --> ftpperso.free.fr / histo1.htm
101.06.18 16:16 B D:\WEBarpcv\ARPCV\histo2.htm --> ftpperso.free.fr / histo2.htm
101.06.18 16:16 B D:\WEBarpcv\ARPCV\histo3.htm --> ftpperso.free.fr / histo3.htm
101.06.18 16:16 B D:\WEBarpcv\ARPCV\homcoucou.gif --> ftpperso.free.fr / homcoucou.gif
101.06.18 16:16 B D:\WEBarpcv\ARPCV\index.htm --> ftpperso.free.fr / index.htm
101.06.18 16:16 B D:\WEBarpcv\ARPCV\infos.htm --> ftpperso.free.fr / infos.htm
101.06.18 16:16 B D:\WEBarpcv\ARPCV\livre.htm --> ftpperso.free.fr / livre.htm
101.06.18 16:16 B D:\WEBarpcv\ARPCV\Livres.gif --> ftpperso.free.fr / Livres.gif
101.06.18 16:16 B D:\WEBarpcv\ARPCV\livsent.gif --> ftpperso.free.fr / livsent.gif
101.06.18 16:16 B D:\WEBarpcv\ARPCV\logo banq pop.gif --> ftpperso.free.fr / logo banq pop.gif
101.06.18 16:16 B D:\WEBarpcv\ARPCV\logo communes.gif --> ftpperso.free.fr / logo communes.gif
101.06.18 16:16 B D:\WEBarpcv\ARPCV\logo diren.gif --> ftpperso.free.fr / logo diren.gif
101.06.18 16:16 B D:\WEBarpcv\ARPCV\logo fac1.gif --> ftpperso.free.fr / logo fac1.gif
101.06.18 16:16 B D:\WEBarpcv\ARPCV\logo PACA.gif --> ftpperso.free.fr / logo PACA.gif
101.06.18 16:16 B D:\WEBarpcv\ARPCV\logo patagonia.gif --> ftpperso.free.fr / logo patagonia.gif
101.06.18 16:16 B D:\WEBarpcv\ARPCV\logo rectorat.gif --> ftpperso.free.fr / logo rectorat.gif
101.06.18 16:16 B D:\WEBarpcv\ARPCV\logo rousset.gif --> ftpperso.free.fr / logo rousset.gif
101.06.18 16:16 B D:\WEBarpcv\ARPCV\logo sivu.gif --> ftpperso.free.fr / logo sivu.gif
101.06.18 16:16 B D:\WEBarpcv\ARPCV\logo sivu1.gif --> ftpperso.free.fr / logo sivu1.gif
101.06.18 16:16 B D:\WEBarpcv\ARPCV\logo ST.gif --> ftpperso.free.fr / logo ST.gif
101.06.18 16:16 B D:\WEBarpcv\ARPCV\logoAix.gif --> ftpperso.free.fr / logoAix.gif
101.06.18 16:16 B D:\WEBarpcv\ARPCV\logocg13.gif --> ftpperso.free.fr / logocg13.gif
101.06.18 16:16 B D:\WEBarpcv\ARPCV\logogaz de fce.gif --> ftpperso.free.fr / logogaz de fce.gif
101.06.18 16:16 B D:\WEBarpcv\ARPCV\logoours.gif --> ftpperso.free.fr / logoours.gif
101.06.18 16:16 B D:\WEBarpcv\ARPCV\mail17.gif --> ftpperso.free.fr / mail17.gif
101.06.18 16:16 B D:\WEBarpcv\ARPCV\marne.jpg --> ftpperso.free.fr / marne.jpg
101.06.18 16:16 B D:\WEBarpcv\ARPCV\net1.gif --> ftpperso.free.fr / net1.gif
101.06.18 16:16 B D:\WEBarpcv\ARPCV\New-sstitre.gif --> ftpperso.free.fr / New-sstitre.gif
101.06.18 16:16 B D:\WEBarpcv\ARPCV\Newac.gif --> ftpperso.free.fr / Newac.gif
101.06.18 16:16 B D:\WEBarpcv\ARPCV\Newad.gif --> ftpperso.free.fr / Newad.gif
101.06.18 16:16 B D:\WEBarpcv\ARPCV\Newcal.gif --> ftpperso.free.fr / Newcal.gif
101.06.18 16:16 B D:\WEBarpcv\ARPCV\Newcoord.gif --> ftpperso.free.fr / Newcoord.gif
101.06.18 16:16 B D:\WEBarpcv\ARPCV\Newfoto.gif --> ftpperso.free.fr / Newfoto.gif
101.06.18 16:16 B D:\WEBarpcv\ARPCV\Newhist.gif --> ftpperso.free.fr / Newhist.gif
101.06.18 16:16 B D:\WEBarpcv\ARPCV\Newjour.gif --> ftpperso.free.fr / Newjour.gif
101.06.18 16:16 B D:\WEBarpcv\ARPCV\Newpedago.gif --> ftpperso.free.fr / Newpedago.gif
101.06.18 16:16 B D:\WEBarpcv\ARPCV\Newproj.gif --> ftpperso.free.fr / Newproj.gif
101.06.18 16:16 B D:\WEBarpcv\ARPCV\Newreali.gif --> ftpperso.free.fr / Newreali.gif
101.06.18 16:16 B D:\WEBarpcv\ARPCV\Newreb.gif --> ftpperso.free.fr / Newreb.gif
101.06.18 16:16 B D:\WEBarpcv\ARPCV\Newrej.gif --> ftpperso.free.fr / Newrej.gif
101.06.18 16:16 B D:\WEBarpcv\ARPCV\oiseau.htm --> ftpperso.free.fr / oiseau.htm
101.06.18 16:16 B D:\WEBarpcv\ARPCV\oiseaux.gif --> ftpperso.free.fr / oiseaux.gif
101.06.18 16:16 B D:\WEBarpcv\ARPCV\partenaire.htm --> ftpperso.free.fr / partenaire.htm
101.06.18 16:16 B D:\WEBarpcv\ARPCV\pedago.htm --> ftpperso.free.fr / pedago.htm
101.06.18 16:16 B D:\WEBarpcv\ARPCV\photo.htm --> ftpperso.free.fr / photo.htm
101.06.18 16:16 B D:\WEBarpcv\ARPCV\plant.jpg --> ftpperso.free.fr / plant.jpg
101.06.18 16:16 B D:\WEBarpcv\ARPCV\poisson.htm --> ftpperso.free.fr / poisson.htm
101.06.18 16:16 B D:\WEBarpcv\ARPCV\programme.jpg --> ftpperso.free.fr / programme.jpg
101.06.18 16:16 B D:\WEBarpcv\ARPCV\Puce.gif --> ftpperso.free.fr / Puce.gif
101.06.18 16:16 B D:\WEBarpcv\ARPCV\reali.htm --> ftpperso.free.fr / reali.htm
101.06.18 16:16 B D:\WEBarpcv\ARPCV\Reb.gif --> ftpperso.free.fr / Reb.gif
101.06.18 16:16 B D:\WEBarpcv\ARPCV\reboise.htm --> ftpperso.free.fr / reboise.htm
101.06.18 16:16 B D:\WEBarpcv\ARPCV\reboisement1998.jpg --> ftpperso.free.fr / reboisement1998.jpg
101.06.18 16:16 B D:\WEBarpcv\ARPCV\reboisement1999.jpg --> ftpperso.free.fr / reboisement1999.jpg
101.06.18 16:16 B D:\WEBarpcv\ARPCV\reboist1998.jpg --> ftpperso.free.fr / reboist1998.jpg
101.06.18 16:16 B D:\WEBarpcv\ARPCV\rebt.htm --> ftpperso.free.fr / rebt.htm
101.06.18 16:16 B D:\WEBarpcv\ARPCV\rompre.htm --> ftpperso.free.fr / rompre.htm
101.06.18 16:16 B D:\WEBarpcv\ARPCV\semgland.htm --> ftpperso.free.fr / semgland.htm
101.06.18 16:16 B D:\WEBarpcv\ARPCV\semis.htm --> ftpperso.free.fr / semis.htm
101.06.18 16:16 B D:\WEBarpcv\ARPCV\sentier1.jpg --> ftpperso.free.fr / sentier1.jpg
101.06.18 16:16 B D:\WEBarpcv\ARPCV\serre.htm --> ftpperso.free.fr / serre.htm
101.06.18 16:16 B D:\WEBarpcv\ARPCV\sorbier.htm --> ftpperso.free.fr / sorbier.htm
101.06.18 16:16 B D:\WEBarpcv\ARPCV\sourcevie.htm --> ftpperso.free.fr / sourcevie.htm
101.06.18 16:16 B D:\WEBarpcv\ARPCV\sstitre.gif --> ftpperso.free.fr / sstitre.gif
101.06.18 16:16 B D:\WEBarpcv\ARPCV\standabeilles.jpg --> ftpperso.free.fr / standabeilles.jpg
101.06.18 16:17 B D:\WEBarpcv\ARPCV\standCouleurGarance.jpg --> ftpperso.free.fr / standCouleurGarance.jpg
101.06.18 16:17 B D:\WEBarpcv\ARPCV\standGazdeFce.jpg --> ftpperso.free.fr / standGazdeFce.jpg
101.06.18 16:17 B D:\WEBarpcv\ARPCV\standMAcreation.jpg --> ftpperso.free.fr / standMAcreation.jpg
101.06.18 16:17 B D:\WEBarpcv\ARPCV\StandMarie.jpg --> ftpperso.free.fr / StandMarie.jpg
101.06.18 16:17 B D:\WEBarpcv\ARPCV\standoeufdino.jpg --> ftpperso.free.fr / standoeufdino.jpg
101.06.18 16:17 B D:\WEBarpcv\ARPCV\standONF.jpg --> ftpperso.free.fr / standONF.jpg
101.06.18 16:17 B D:\WEBarpcv\ARPCV\standSABAST.jpg --> ftpperso.free.fr / standSABAST.jpg
101.06.18 16:17 B D:\WEBarpcv\ARPCV\standSIVU.jpg --> ftpperso.free.fr / standSIVU.jpg
101.06.18 16:17 B D:\WEBarpcv\ARPCV\stevictoire.jpg --> ftpperso.free.fr / stevictoire.jpg
101.06.18 16:17 B D:\WEBarpcv\ARPCV\stevictoire1.jpg --> ftpperso.free.fr / stevictoire1.jpg
101.06.18 16:31 B D:\WEBarpcv\ARPCV\tel.gif --> ftpperso.free.fr / tel.gif
101.06.18 16:31 B D:\WEBarpcv\ARPCV\tholonet.htm --> ftpperso.free.fr / tholonet.htm
101.06.18 16:31 B D:\WEBarpcv\ARPCV\titrearpcv.gif --> ftpperso.free.fr / titrearpcv.gif
101.06.18 16:31 B D:\WEBarpcv\ARPCV\titrebul.gif --> ftpperso.free.fr / titrebul.gif
101.06.18 16:31 B D:\WEBarpcv\ARPCV\titrefdc.gif --> ftpperso.free.fr / titrefdc.gif
101.06.18 16:31 B D:\WEBarpcv\ARPCV\titrereal.gif --> ftpperso.free.fr / titrereal.gif
101.06.18 16:31 B D:\WEBarpcv\ARPCV\travaux.gif --> ftpperso.free.fr / travaux.gif
101.06.18 16:31 B D:\WEBarpcv\ARPCV\treeWHT.gif --> ftpperso.free.fr / treeWHT.gif
101.06.18 16:31 B D:\WEBarpcv\ARPCV\WS_FTP.LOG --> ftpperso.free.fr / WS_FTP.LOG
101.06.18 16:31 B D:\WEBarpcv\ARPCV\wwwcount.cgi --> ftpperso.free.fr / wwwcount.cgi
101.06.18 16:31 B D:\WEBarpcv\ARPCV\zoomalisier.jpg --> ftpperso.free.fr / zoomalisier.jpg
101.06.18 16:32 B D:\WEBarpcv\ARPCV\zoomfrene.jpg --> ftpperso.free.fr / zoomfrene.jpg
101.06.18 16:48 B D:\WEBarpcv\ARPCV\rebt.htm --> ftpperso.free.fr / rebt.htm
101.06.18 16:51 B D:\WEBarpcv\ARPCV\index.htm --> ftpperso.free.fr / index.htm
101.06.18 16:54 B D:\WEBarpcv\ARPCV\index.htm --> ftpperso.free.fr / index.htm
101.06.18 16:57 B D:\WEBarpcv\ARPCV\fdc.htm --> ftpperso.free.fr / fdc.htm
101.06.20 17:24 B D:\WEBarpcv\ARPCV\activite.htm --> ftpperso.free.fr / activite.htm
101.06.20 17:24 B D:\WEBarpcv\ARPCV\calend.htm --> ftpperso.free.fr / calend.htm
101.06.20 17:24 B D:\WEBarpcv\ARPCV\histo2.htm --> ftpperso.free.fr / histo2.htm
101.06.20 17:25 B D:\WEBarpcv\ARPCV\histo3.htm --> ftpperso.free.fr / histo3.htm
101.06.20 17:25 B D:\WEBarpcv\ARPCV\partenaire.htm --> ftpperso.free.fr / partenaire.htm
101.06.20 17:26 B D:\WEBarpcv\ARPCV\index.htm --> ftpperso.free.fr / index.htm
101.06.20 17:27 B D:\WEBarpcv\ARPCV\pedago.htm --> ftpperso.free.fr / pedago.htm
101.06.20 17:32 B D:\WEBarpcv\ARPCV\fetenat2000.htm --> ftpperso.free.fr / fetenat2000.htm
101.06.22 16:55 B D:\WEBarpcv\ARPCV\adhes.htm --> ftpperso.free.fr / adhes.htm
101.06.22 16:56 B D:\WEBarpcv\ARPCV\infos.htm --> ftpperso.free.fr / infos.htm
101.06.22 16:56 B D:\WEBarpcv\ARPCV\buladhes.htm --> ftpperso.free.fr / buladhes.htm
101.06.22 16:56 B D:\WEBarpcv\ARPCV\commande.htm --> ftpperso.free.fr / commande.htm
101.06.22 16:57 B D:\WEBarpcv\ARPCV\tholonet.htm --> ftpperso.free.fr / tholonet.htm
101.06.22 16:57 B D:\WEBarpcv\ARPCV\aigle.htm --> ftpperso.free.fr / aigle.htm
101.06.22 16:57 B D:\WEBarpcv\ARPCV\biodiversite.htm --> ftpperso.free.fr / biodiversite.htm
101.06.22 16:58 B D:\WEBarpcv\ARPCV\champignon.htm --> ftpperso.free.fr / champignon.htm
101.06.22 16:58 B D:\WEBarpcv\ARPCV\chateauTholonet.jpg --> ftpperso.free.fr / chateauTholonet.jpg
101.06.22 16:58 B D:\WEBarpcv\ARPCV\chene.htm --> ftpperso.free.fr / chene.htm
101.06.22 16:58 B D:\WEBarpcv\ARPCV\dinosaure.htm --> ftpperso.free.fr / dinosaure.htm
101.06.22 16:58 B D:\WEBarpcv\ARPCV\eduquer.htm --> ftpperso.free.fr / eduquer.htm
101.06.22 16:58 B D:\WEBarpcv\ARPCV\erable.htm --> ftpperso.free.fr / erable.htm
101.06.22 16:58 B D:\WEBarpcv\ARPCV\expert.htm --> ftpperso.free.fr / expert.htm
101.06.22 16:59 B D:\WEBarpcv\ARPCV\feu.htm --> ftpperso.free.fr / feu.htm
101.06.22 16:59 B D:\WEBarpcv\ARPCV\frene.htm --> ftpperso.free.fr / frene.htm
101.06.22 16:59 B D:\WEBarpcv\ARPCV\geai.htm --> ftpperso.free.fr / geai.htm
101.06.22 16:59 B D:\WEBarpcv\ARPCV\geologie.htm --> ftpperso.free.fr / geologie.htm
101.06.22 16:59 B D:\WEBarpcv\ARPCV\oiseau.htm --> ftpperso.free.fr / oiseau.htm
101.06.22 16:59 B D:\WEBarpcv\ARPCV\poisson.htm --> ftpperso.free.fr / poisson.htm
101.06.22 17:00 B D:\WEBarpcv\ARPCV\rompre.htm --> ftpperso.free.fr / rompre.htm
101.06.22 17:00 B D:\WEBarpcv\ARPCV\semis.htm --> ftpperso.free.fr / semis.htm
101.06.22 17:00 B D:\WEBarpcv\ARPCV\serre.htm --> ftpperso.free.fr / serre.htm
101.06.22 17:00 B D:\WEBarpcv\ARPCV\tholonet.htm --> ftpperso.free.fr / tholonet.htm
101.06.22 17:00 B D:\WEBarpcv\ARPCV\index.htm --> ftpperso.free.fr / index.htm
101.06.22 17:28 B D:\WEBarpcv\ARPCV\index.htm --> ftpperso.free.fr / index.htm
101.06.22 17:28 B D:\WEBarpcv\ARPCV\histo2.htm --> ftpperso.free.fr / histo2.htm
101.07.09 18:02 B D:\WEBarpcv\ARPCV\APMNE.htm --> ftpperso.free.fr / APMNE.htm
101.07.09 18:02 B D:\WEBarpcv\ARPCV\activite.htm --> ftpperso.free.fr / activite.htm
101.07.09 18:02 B D:\WEBarpcv\ARPCV\adhes.htm --> ftpperso.free.fr / adhes.htm
101.07.09 18:02 B D:\WEBarpcv\ARPCV\buladhes.htm --> ftpperso.free.fr / buladhes.htm
101.07.09 18:02 B D:\WEBarpcv\ARPCV\calend.htm --> ftpperso.free.fr / calend.htm
101.07.09 18:03 B D:\WEBarpcv\ARPCV\histo2.htm --> ftpperso.free.fr / histo2.htm
101.07.09 18:03 B D:\WEBarpcv\ARPCV\infos.htm --> ftpperso.free.fr / infos.htm
101.07.09 18:03 B D:\WEBarpcv\ARPCV\partenaire.htm --> ftpperso.free.fr / partenaire.htm
101.07.09 18:03 B D:\WEBarpcv\ARPCV\pedago.htm --> ftpperso.free.fr / pedago.htm
101.07.09 18:04 B D:\WEBarpcv\ARPCV\reali.htm --> ftpperso.free.fr / reali.htm
101.07.09 18:06 B D:\WEBarpcv\ARPCV\rebt.htm --> ftpperso.free.fr / rebt.htm
101.07.09 18:07 B D:\WEBarpcv\ARPCV\index.htm --> ftpperso.free.fr / index.htm
101.07.12 11:44 B D:\WEBarpcv\ARPCV\activite.htm --> ftpperso.free.fr / activite.htm
101.07.12 11:44 B D:\WEBarpcv\ARPCV\adhes.htm --> ftpperso.free.fr / adhes.htm
101.07.12 11:44 B D:\WEBarpcv\ARPCV\arboretum.htm --> ftpperso.free.fr / arboretum.htm
101.07.12 11:44 B D:\WEBarpcv\ARPCV\APMNE.htm --> ftpperso.free.fr / APMNE.htm
101.07.12 11:45 B D:\WEBarpcv\ARPCV\buladhes.htm --> ftpperso.free.fr / buladhes.htm
101.07.12 11:45 B D:\WEBarpcv\ARPCV\calend.htm --> ftpperso.free.fr / calend.htm
101.07.12 11:45 B D:\WEBarpcv\ARPCV\cartes.htm --> ftpperso.free.fr / cartes.htm
101.07.12 11:45 B D:\WEBarpcv\ARPCV\cdrom.htm --> ftpperso.free.fr / cdrom.htm
101.07.12 11:45 B D:\WEBarpcv\ARPCV\commande.htm --> ftpperso.free.fr / commande.htm
101.07.12 11:45 B D:\WEBarpcv\ARPCV\coord.htm --> ftpperso.free.fr / coord.htm
101.07.12 11:46 B D:\WEBarpcv\ARPCV\guid.htm --> ftpperso.free.fr / guid.htm
101.07.12 11:46 B D:\WEBarpcv\ARPCV\histo2.htm --> ftpperso.free.fr / histo2.htm
101.07.12 11:46 B D:\WEBarpcv\ARPCV\histo3.htm --> ftpperso.free.fr / histo3.htm
101.07.12 11:46 B D:\WEBarpcv\ARPCV\infos.htm --> ftpperso.free.fr / infos.htm
101.07.12 11:46 B D:\WEBarpcv\ARPCV\livre.htm --> ftpperso.free.fr / livre.htm
101.07.12 11:46 B D:\WEBarpcv\ARPCV\partenaire.htm --> ftpperso.free.fr / partenaire.htm
101.07.12 11:46 B D:\WEBarpcv\ARPCV\pedago.htm --> ftpperso.free.fr / pedago.htm
101.07.12 11:47 B D:\WEBarpcv\ARPCV\reali.htm --> ftpperso.free.fr / reali.htm
101.07.12 11:47 B D:\WEBarpcv\ARPCV\rebt.htm --> ftpperso.free.fr / rebt.htm
101.07.12 11:48 B D:\WEBarpcv\ARPCV\fdc.htm --> ftpperso.free.fr / fdc.htm
101.07.12 11:48 B D:\WEBarpcv\ARPCV\cartes.htm --> ftpperso.free.fr / cartes.htm
101.07.12 11:48 B D:\WEBarpcv\ARPCV\cdrom.htm --> ftpperso.free.fr / cdrom.htm
101.07.12 11:49 B D:\WEBarpcv\ARPCV\index.htm --> ftpperso.free.fr / index.htm
101.07.12 18:27 B D:\WEBarpcv\ARPCV\rebt.htm --> ftpperso.free.fr / rebt.htm
101.07.12 18:27 B D:\WEBarpcv\ARPCV\histo2.htm --> ftpperso.free.fr / histo2.htm
101.07.12 18:27 B D:\WEBarpcv\ARPCV\index.htm --> ftpperso.free.fr / index.htm
101.07.12 19:29 B D:\WEBarpcv\ARPCV\activite.htm --> ftpperso.free.fr / activite.htm
101.07.12 19:29 B D:\WEBarpcv\ARPCV\histo2.htm --> ftpperso.free.fr / histo2.htm
101.07.12 19:30 B D:\WEBarpcv\ARPCV\pedago.htm --> ftpperso.free.fr / pedago.htm
101.07.12 19:30 B D:\WEBarpcv\ARPCV\rebt.htm --> ftpperso.free.fr / rebt.htm
101.07.12 19:31 B D:\WEBarpcv\ARPCV\index.htm --> ftpperso.free.fr / index.htm
101.07.16 18:29 B D:\WEBarpcv\ARPCV\biodiversite.htm --> ftpperso.free.fr / biodiversite.htm
101.07.16 18:29 B D:\WEBarpcv\ARPCV\journal.htm --> ftpperso.free.fr / journal.htm
101.07.16 18:30 B D:\WEBarpcv\ARPCV\histo2.htm --> ftpperso.free.fr / histo2.htm
101.07.16 18:31 B D:\WEBarpcv\ARPCV\pedago.htm --> ftpperso.free.fr / pedago.htm
101.07.17 14:18 B D:\WEBarpcv\ARPCV\adhes.htm --> ftpperso.free.fr / adhes.htm
101.07.17 14:18 B D:\WEBarpcv\ARPCV\histo2.htm --> ftpperso.free.fr / histo2.htm
101.07.17 14:18 B D:\WEBarpcv\ARPCV\index.htm --> ftpperso.free.fr / index.htm
101.07.19 18:16 B D:\WEBarpcv\ARPCV\activite.htm --> ftpperso.free.fr / activite.htm
101.07.19 18:16 B D:\WEBarpcv\ARPCV\adhes.htm --> ftpperso.free.fr / adhes.htm
101.07.19 18:16 B D:\WEBarpcv\ARPCV\aigle.htm --> ftpperso.free.fr / aigle.htm
101.07.19 18:16 B D:\WEBarpcv\ARPCV\APMNE.htm --> ftpperso.free.fr / APMNE.htm
101.07.19 18:16 B D:\WEBarpcv\ARPCV\arboretum.htm --> ftpperso.free.fr / arboretum.htm
101.07.19 18:16 B D:\WEBarpcv\ARPCV\arbre an.htm --> ftpperso.free.fr / arbre an.htm
101.07.19 18:16 B D:\WEBarpcv\ARPCV\biodiversite.htm --> ftpperso.free.fr / biodiversite.htm
101.07.19 18:16 B D:\WEBarpcv\ARPCV\buladhes.htm --> ftpperso.free.fr / buladhes.htm
101.07.19 18:16 B D:\WEBarpcv\ARPCV\calend.htm --> ftpperso.free.fr / calend.htm
101.07.19 18:17 B D:\WEBarpcv\ARPCV\cartes.htm --> ftpperso.free.fr / cartes.htm
101.07.19 18:17 B D:\WEBarpcv\ARPCV\cdrom.htm --> ftpperso.free.fr / cdrom.htm
101.07.19 18:17 B D:\WEBarpcv\ARPCV\champignon.htm --> ftpperso.free.fr / champignon.htm
101.07.19 18:17 B D:\WEBarpcv\ARPCV\chateauTholonet.jpg --> ftpperso.free.fr / chateauTholonet.jpg
101.07.19 18:17 B D:\WEBarpcv\ARPCV\chene.htm --> ftpperso.free.fr / chene.htm
101.07.19 18:17 B D:\WEBarpcv\ARPCV\commande.htm --> ftpperso.free.fr / commande.htm
101.07.19 18:17 B D:\WEBarpcv\ARPCV\coord.htm --> ftpperso.free.fr / coord.htm
101.07.19 18:17 B D:\WEBarpcv\ARPCV\dinosaure.htm --> ftpperso.free.fr / dinosaure.htm
101.07.19 18:17 B D:\WEBarpcv\ARPCV\eduquer.htm --> ftpperso.free.fr / eduquer.htm
101.07.19 18:17 B D:\WEBarpcv\ARPCV\erable.htm --> ftpperso.free.fr / erable.htm
101.07.19 18:17 B D:\WEBarpcv\ARPCV\expert.htm --> ftpperso.free.fr / expert.htm
101.07.19 18:18 B D:\WEBarpcv\ARPCV\fdc.htm --> ftpperso.free.fr / fdc.htm
101.07.19 18:18 B D:\WEBarpcv\ARPCV\fetenat2000.htm --> ftpperso.free.fr / fetenat2000.htm
101.07.19 18:18 B D:\WEBarpcv\ARPCV\feu.htm --> ftpperso.free.fr / feu.htm
101.07.19 18:18 B D:\WEBarpcv\ARPCV\frene.htm --> ftpperso.free.fr / frene.htm
101.07.19 18:18 B D:\WEBarpcv\ARPCV\geai.htm --> ftpperso.free.fr / geai.htm
101.07.19 18:18 B D:\WEBarpcv\ARPCV\geologie.htm --> ftpperso.free.fr / geologie.htm
101.07.19 18:18 B D:\WEBarpcv\ARPCV\guid.htm --> ftpperso.free.fr / guid.htm
101.07.19 18:18 B D:\WEBarpcv\ARPCV\histo2.htm --> ftpperso.free.fr / histo2.htm
101.07.19 18:18 B D:\WEBarpcv\ARPCV\journal.htm --> ftpperso.free.fr / journal.htm
101.07.19 18:18 B D:\WEBarpcv\ARPCV\livre.htm --> ftpperso.free.fr / livre.htm
101.07.19 18:19 B D:\WEBarpcv\ARPCV\New-sstitre.gif --> ftpperso.free.fr / New-sstitre.gif
101.07.19 18:19 B D:\WEBarpcv\ARPCV\oiseau.htm --> ftpperso.free.fr / oiseau.htm
101.07.19 18:19 B D:\WEBarpcv\ARPCV\partenaire.htm --> ftpperso.free.fr / partenaire.htm
101.07.19 18:19 B D:\WEBarpcv\ARPCV\pedago.htm --> ftpperso.free.fr / pedago.htm
101.07.19 18:19 B D:\WEBarpcv\ARPCV\poisson.htm --> ftpperso.free.fr / poisson.htm
101.07.19 18:19 B D:\WEBarpcv\ARPCV\reali.htm --> ftpperso.free.fr / reali.htm
101.07.19 18:19 B D:\WEBarpcv\ARPCV\reboise.htm --> ftpperso.free.fr / reboise.htm
101.07.19 18:19 B D:\WEBarpcv\ARPCV\rebt.htm --> ftpperso.free.fr / rebt.htm
101.07.19 18:19 B D:\WEBarpcv\ARPCV\rompre.htm --> ftpperso.free.fr / rompre.htm
101.07.19 18:20 B D:\WEBarpcv\ARPCV\semgland.htm --> ftpperso.free.fr / semgland.htm
101.07.19 18:20 B D:\WEBarpcv\ARPCV\semis.htm --> ftpperso.free.fr / semis.htm
101.07.19 18:20 B D:\WEBarpcv\ARPCV\serre.htm --> ftpperso.free.fr / serre.htm
101.07.19 18:20 B D:\WEBarpcv\ARPCV\sorbier.htm --> ftpperso.free.fr / sorbier.htm
101.07.19 18:20 B D:\WEBarpcv\ARPCV\sourcevie.htm --> ftpperso.free.fr / sourcevie.htm
101.07.19 18:20 B D:\WEBarpcv\ARPCV\tholonet.htm --> ftpperso.free.fr / tholonet.htm
101.07.19 18:20 B D:\WEBarpcv\ARPCV\index.htm --> ftpperso.free.fr / index.htm
101.07.19 18:26 B D:\WEBarpcv\ARPCV\Fd2.gif --> ftpperso.free.fr / Fd2.gif
101.07.19 18:34 B D:\WEBarpcv\ARPCV\histo2.htm --> ftpperso.free.fr / histo2.htm
101.07.19 18:34 B D:\WEBarpcv\ARPCV\livre.htm --> ftpperso.free.fr / livre.htm
101.07.25 08:20 B D:\WEBarpcv\ARPCV\100-0003_RED.JPG --> ftpperso.free.fr / 100-0003_RED.JPG
101.07.25 08:20 B D:\WEBarpcv\ARPCV\100-0006_RED.JPG --> ftpperso.free.fr / 100-0006_RED.JPG
101.07.25 08:21 B D:\WEBarpcv\ARPCV\100-0008_RED.JPG --> ftpperso.free.fr / 100-0008_RED.JPG
101.07.25 08:21 B D:\WEBarpcv\ARPCV\100-0010_RED.JPG --> ftpperso.free.fr / 100-0010_RED.JPG
101.07.25 08:21 B D:\WEBarpcv\ARPCV\100-0016_RED.JPG --> ftpperso.free.fr / 100-0016_RED.JPG
101.07.25 08:21 B D:\WEBarpcv\ARPCV\100-0018_RED.JPG --> ftpperso.free.fr / 100-0018_RED.JPG
101.07.25 08:21 B D:\WEBarpcv\ARPCV\100-0021_RED.JPG --> ftpperso.free.fr / 100-0021_RED.JPG
101.07.25 08:21 B D:\WEBarpcv\ARPCV\100-0022_RED.JPG --> ftpperso.free.fr / 100-0022_RED.JPG
101.07.25 08:21 B D:\WEBarpcv\ARPCV\100-0026_RED.JPG --> ftpperso.free.fr / 100-0026_RED.JPG
101.07.25 08:21 B D:\WEBarpcv\ARPCV\100-0030_RED.JPG --> ftpperso.free.fr / 100-0030_RED.JPG
101.07.25 08:21 B D:\WEBarpcv\ARPCV\100-0031_RED.JPG --> ftpperso.free.fr / 100-0031_RED.JPG
101.07.25 08:21 B D:\WEBarpcv\ARPCV\100-0039_red.jpg --> ftpperso.free.fr / 100-0039_red.jpg
101.07.25 08:21 B D:\WEBarpcv\ARPCV\100-0046_RED.JPG --> ftpperso.free.fr / 100-0046_RED.JPG
101.07.25 08:21 B D:\WEBarpcv\ARPCV\100-0059_IMG.JPG --> ftpperso.free.fr / 100-0059_IMG.JPG
101.07.25 08:21 B D:\WEBarpcv\ARPCV\100-0059_RED.JPG --> ftpperso.free.fr / 100-0059_RED.JPG
101.07.25 08:21 B D:\WEBarpcv\ARPCV\fetenat2000.htm --> ftpperso.free.fr / fetenat2000.htm
101.07.25 08:21 B D:\WEBarpcv\ARPCV\fetenat2001.htm --> ftpperso.free.fr / fetenat2001.htm
101.07.25 08:21 B D:\WEBarpcv\ARPCV\pedago.htm --> ftpperso.free.fr / pedago.htm
101.07.25 08:22 B D:\WEBarpcv\ARPCV\index.htm --> ftpperso.free.fr / index.htm
101.07.25 08:29 B D:\WEBarpcv\ARPCV\index.htm --> ftpperso.free.fr / index.htm
101.07.25 08:29 B D:\WEBarpcv\ARPCV\pedago.htm --> ftpperso.free.fr / pedago.htm
101.07.25 08:30 B D:\WEBarpcv\ARPCV\fetenat2000.htm --> ftpperso.free.fr / fetenat2000.htm
101.07.25 08:30 B D:\WEBarpcv\ARPCV\fetenat2001.htm --> ftpperso.free.fr / fetenat2001.htm
101.07.25 11:54 B D:\WEBarpcv\ARPCV\pedago.htm --> ftpperso.free.fr / pedago.htm
101.07.25 11:55 B D:\WEBarpcv\ARPCV\histo2.htm --> ftpperso.free.fr / histo2.htm
101.07.25 11:55 B D:\WEBarpcv\ARPCV\index.htm --> ftpperso.free.fr / index.htm
101.08.03 16:57 B D:\WEBarpcv\ARPCV\activite.htm --> ftpperso.free.fr / activite.htm
101.08.03 16:57 B D:\WEBarpcv\ARPCV\adhes.htm --> ftpperso.free.fr / adhes.htm
101.08.03 16:57 B D:\WEBarpcv\ARPCV\aigle.htm --> ftpperso.free.fr / aigle.htm
101.08.03 16:57 B D:\WEBarpcv\ARPCV\APMNE.htm --> ftpperso.free.fr / APMNE.htm
101.08.03 16:57 B D:\WEBarpcv\ARPCV\APMNE.htm --> ftpperso.free.fr / APMNE.htm
101.08.03 16:57 B D:\WEBarpcv\ARPCV\arboretum.htm --> ftpperso.free.fr / arboretum.htm
101.08.03 16:57 B D:\WEBarpcv\ARPCV\arbre an.htm --> ftpperso.free.fr / arbre an.htm
101.08.03 16:57 B D:\WEBarpcv\ARPCV\back.gif --> ftpperso.free.fr / back.gif
101.08.03 16:58 B D:\WEBarpcv\ARPCV\biodiversite.htm --> ftpperso.free.fr / biodiversite.htm
101.08.03 16:58 B D:\WEBarpcv\ARPCV\buladhes.htm --> ftpperso.free.fr / buladhes.htm
101.08.03 16:58 B D:\WEBarpcv\ARPCV\calend.htm --> ftpperso.free.fr / calend.htm
101.08.03 16:58 B D:\WEBarpcv\ARPCV\cartes.htm --> ftpperso.free.fr / cartes.htm
101.08.03 16:58 B D:\WEBarpcv\ARPCV\cdrom.htm --> ftpperso.free.fr / cdrom.htm
101.08.03 16:58 B D:\WEBarpcv\ARPCV\champignon.htm --> ftpperso.free.fr / champignon.htm
101.08.03 16:58 B D:\WEBarpcv\ARPCV\chateauTholonet.jpg --> ftpperso.free.fr / chateauTholonet.jpg
101.08.03 16:58 B D:\WEBarpcv\ARPCV\chene.htm --> ftpperso.free.fr / chene.htm
101.08.03 16:58 B D:\WEBarpcv\ARPCV\cheneblanc99_red.jpg --> ftpperso.free.fr / cheneblanc99_red.jpg
101.08.03 16:59 B D:\WEBarpcv\ARPCV\commande.htm --> ftpperso.free.fr / commande.htm
101.08.03 16:59 B D:\WEBarpcv\ARPCV\coord.htm --> ftpperso.free.fr / coord.htm
101.08.03 16:59 B D:\WEBarpcv\ARPCV\dinosaure.htm --> ftpperso.free.fr / dinosaure.htm
101.08.03 16:59 B D:\WEBarpcv\ARPCV\eduquer.htm --> ftpperso.free.fr / eduquer.htm
101.08.03 16:59 B D:\WEBarpcv\ARPCV\EnfantsSteVictoire_red.jpg --> ftpperso.free.fr / EnfantsSteVictoire_red.jpg
101.08.03 16:59 B D:\WEBarpcv\ARPCV\erable.htm --> ftpperso.free.fr / erable.htm
101.08.03 16:59 B D:\WEBarpcv\ARPCV\expert.htm --> ftpperso.free.fr / expert.htm
101.08.03 16:59 B D:\WEBarpcv\ARPCV\fdc.htm --> ftpperso.free.fr / fdc.htm
101.08.03 16:59 B D:\WEBarpcv\ARPCV\fetenat2000.htm --> ftpperso.free.fr / fetenat2000.htm
101.08.03 16:59 B D:\WEBarpcv\ARPCV\fetenat2001.htm --> ftpperso.free.fr / fetenat2001.htm
101.08.03 16:59 B D:\WEBarpcv\ARPCV\feu.htm --> ftpperso.free.fr / feu.htm
101.08.03 16:59 B D:\WEBarpcv\ARPCV\frene.htm --> ftpperso.free.fr / frene.htm
101.08.03 16:59 B D:\WEBarpcv\ARPCV\frene_red.jpg --> ftpperso.free.fr / frene_red.jpg
101.08.03 16:59 B D:\WEBarpcv\ARPCV\geai.htm --> ftpperso.free.fr / geai.htm
101.08.03 16:59 B D:\WEBarpcv\ARPCV\geologie.htm --> ftpperso.free.fr / geologie.htm
101.08.03 17:00 B D:\WEBarpcv\ARPCV\guid.htm --> ftpperso.free.fr / guid.htm
101.08.03 17:00 B D:\WEBarpcv\ARPCV\histo2.htm --> ftpperso.free.fr / histo2.htm
101.08.03 17:00 B D:\WEBarpcv\ARPCV\journal.htm --> ftpperso.free.fr / journal.htm
101.08.03 17:00 B D:\WEBarpcv\ARPCV\livre.htm --> ftpperso.free.fr / livre.htm
101.08.03 17:00 B D:\WEBarpcv\ARPCV\oiseau.htm --> ftpperso.free.fr / oiseau.htm
101.08.03 17:01 B D:\WEBarpcv\ARPCV\partenaire.htm --> ftpperso.free.fr / partenaire.htm
101.08.03 17:01 B D:\WEBarpcv\ARPCV\pedago.htm --> ftpperso.free.fr / pedago.htm
101.08.03 17:01 B D:\WEBarpcv\ARPCV\poisson.htm --> ftpperso.free.fr / poisson.htm
101.08.03 17:01 B D:\WEBarpcv\ARPCV\programme_red.jpg --> ftpperso.free.fr / programme_red.jpg
101.08.03 17:01 B D:\WEBarpcv\ARPCV\reali.htm --> ftpperso.free.fr / reali.htm
101.08.03 17:01 B D:\WEBarpcv\ARPCV\reboise.htm --> ftpperso.free.fr / reboise.htm
101.08.03 17:01 B D:\WEBarpcv\ARPCV\reboisement1999_red.jpg --> ftpperso.free.fr / reboisement1999_red.jpg
101.08.03 17:01 B D:\WEBarpcv\ARPCV\reboist1998_red.jpg --> ftpperso.free.fr / reboist1998_red.jpg
101.08.03 17:01 B D:\WEBarpcv\ARPCV\rebt.htm --> ftpperso.free.fr / rebt.htm
101.08.03 17:01 B D:\WEBarpcv\ARPCV\rompre.htm --> ftpperso.free.fr / rompre.htm
101.08.03 17:01 B D:\WEBarpcv\ARPCV\semgland.htm --> ftpperso.free.fr / semgland.htm
101.08.03 17:01 B D:\WEBarpcv\ARPCV\semis.htm --> ftpperso.free.fr / semis.htm
101.08.03 17:01 B D:\WEBarpcv\ARPCV\sentier1.jpg --> ftpperso.free.fr / sentier1.jpg
101.08.03 17:01 B D:\WEBarpcv\ARPCV\serre.htm --> ftpperso.free.fr / serre.htm
101.08.03 17:01 B D:\WEBarpcv\ARPCV\sorbier.htm --> ftpperso.free.fr / sorbier.htm
101.08.03 17:01 B D:\WEBarpcv\ARPCV\sourcevie.htm --> ftpperso.free.fr / sourcevie.htm
101.08.03 17:01 B D:\WEBarpcv\ARPCV\standabeilles_red.jpg --> ftpperso.free.fr / standabeilles_red.jpg
101.08.03 17:02 B D:\WEBarpcv\ARPCV\standCouleurGarance_red.jpg --> ftpperso.free.fr / standCouleurGarance_red.jpg
101.08.03 17:02 B D:\WEBarpcv\ARPCV\standGazdeFce_red.jpg --> ftpperso.free.fr / standGazdeFce_red.jpg
101.08.03 17:02 B D:\WEBarpcv\ARPCV\standMAcreation_red.jpg --> ftpperso.free.fr / standMAcreation_red.jpg
101.08.03 17:02 B D:\WEBarpcv\ARPCV\StandMarie_red.jpg --> ftpperso.free.fr / StandMarie_red.jpg
101.08.03 17:02 B D:\WEBarpcv\ARPCV\standoeufdino_red.jpg --> ftpperso.free.fr / standoeufdino_red.jpg
101.08.03 17:02 B D:\WEBarpcv\ARPCV\standONF_red.jpg --> ftpperso.free.fr / standONF_red.jpg
101.08.03 17:02 B D:\WEBarpcv\ARPCV\standSABAST_red.jpg --> ftpperso.free.fr / standSABAST_red.jpg
101.08.03 17:02 B D:\WEBarpcv\ARPCV\standSABAST_red2.jpg --> ftpperso.free.fr / standSABAST_red2.jpg
101.08.03 17:02 B D:\WEBarpcv\ARPCV\standSIVU_red.jpg --> ftpperso.free.fr / standSIVU_red.jpg
101.08.03 17:02 B D:\WEBarpcv\ARPCV\tholonet.htm --> ftpperso.free.fr / tholonet.htm
101.08.03 17:02 B D:\WEBarpcv\ARPCV\zoomfrene_red.jpg --> ftpperso.free.fr / zoomfrene_red.jpg
101.08.03 17:04 B D:\WEBarpcv\ARPCV\index.htm --> ftpperso.free.fr / index.htm
101.08.03 17:27 B D:\WEBarpcv\ARPCV\activite.htm --> ftpperso.free.fr / activite.htm
101.08.03 17:28 B D:\WEBarpcv\ARPCV\pedago.htm --> ftpperso.free.fr / pedago.htm
101.08.03 17:28 B D:\WEBarpcv\ARPCV\rebt.htm --> ftpperso.free.fr / rebt.htm
101.08.03 17:28 B D:\WEBarpcv\ARPCV\histo2.htm --> ftpperso.free.fr / histo2.htm
101.08.03 17:28 B D:\WEBarpcv\ARPCV\reali.htm --> ftpperso.free.fr / reali.htm
101.08.03 17:29 B D:\WEBarpcv\ARPCV\partenaire.htm --> ftpperso.free.fr / partenaire.htm
101.08.03 17:29 B D:\WEBarpcv\ARPCV\cdrom.htm --> ftpperso.free.fr / cdrom.htm
101.08.03 17:29 B D:\WEBarpcv\ARPCV\cartes.htm --> ftpperso.free.fr / cartes.htm
101.08.03 17:29 B D:\WEBarpcv\ARPCV\arboretum.htm --> ftpperso.free.fr / arboretum.htm
101.08.03 17:30 B D:\WEBarpcv\ARPCV\guid.htm --> ftpperso.free.fr / guid.htm
101.08.03 17:30 B D:\WEBarpcv\ARPCV\livre.htm --> ftpperso.free.fr / livre.htm
101.08.03 17:30 B D:\WEBarpcv\ARPCV\fdc.htm --> ftpperso.free.fr / fdc.htm
101.08.03 17:30 B D:\WEBarpcv\ARPCV\index.htm --> ftpperso.free.fr / index.htm
101.08.07 08:17 B D:\WEBarpcv\ARPCV\histo.htm --> ftpperso.free.fr / histo.htm
101.08.07 08:17 B D:\WEBarpcv\ARPCV\APMNE.htm --> ftpperso.free.fr / APMNE.htm
101.08.07 08:17 B D:\WEBarpcv\ARPCV\adhes.htm --> ftpperso.free.fr / adhes.htm
101.08.07 08:18 B D:\WEBarpcv\ARPCV\journal.htm --> ftpperso.free.fr / journal.htm
101.08.07 08:18 B D:\WEBarpcv\ARPCV\index.htm --> ftpperso.free.fr / index.htm
101.08.07 08:18 B D:\WEBarpcv\ARPCV\rebt.htm --> ftpperso.free.fr / rebt.htm
101.08.07 08:19 B D:\WEBarpcv\ARPCV\reboise.htm --> ftpperso.free.fr / reboise.htm
101.08.09 15:25 B D:\WEBarpcv\ARPCV\logoAix.gif --> ftpperso.free.fr / logoAix.gif
101.08.09 15:25 B D:\WEBarpcv\ARPCV\logobanqpop.gif --> ftpperso.free.fr / logobanqpop.gif
101.08.09 15:25 B D:\WEBarpcv\ARPCV\logocg13.gif --> ftpperso.free.fr / logocg13.gif
101.08.09 15:25 B D:\WEBarpcv\ARPCV\logocommunes.gif --> ftpperso.free.fr / logocommunes.gif
101.08.09 15:25 B D:\WEBarpcv\ARPCV\logodiren.gif --> ftpperso.free.fr / logodiren.gif
101.08.09 15:25 B D:\WEBarpcv\ARPCV\logofac1.gif --> ftpperso.free.fr / logofac1.gif
101.08.09 15:25 B D:\WEBarpcv\ARPCV\logogazdefce.gif --> ftpperso.free.fr / logogazdefce.gif
101.08.09 15:25 B D:\WEBarpcv\ARPCV\logoours.gif --> ftpperso.free.fr / logoours.gif
101.08.09 15:25 B D:\WEBarpcv\ARPCV\logoPACA.gif --> ftpperso.free.fr / logoPACA.gif
101.08.09 15:25 B D:\WEBarpcv\ARPCV\logopatagonia.gif --> ftpperso.free.fr / logopatagonia.gif
101.08.09 15:25 B D:\WEBarpcv\ARPCV\logorectorat.gif --> ftpperso.free.fr / logorectorat.gif
101.08.09 15:25 B D:\WEBarpcv\ARPCV\logorousset.gif --> ftpperso.free.fr / logorousset.gif
101.08.09 15:25 B D:\WEBarpcv\ARPCV\logosivu.gif --> ftpperso.free.fr / logosivu.gif
101.08.09 15:25 B D:\WEBarpcv\ARPCV\logosivu1.gif --> ftpperso.free.fr / logosivu1.gif
101.08.09 15:25 B D:\WEBarpcv\ARPCV\logoST.gif --> ftpperso.free.fr / logoST.gif
101.08.09 15:25 B D:\WEBarpcv\ARPCV\partenaire.htm --> ftpperso.free.fr / partenaire.htm
101.08.09 15:26 B D:\WEBarpcv\ARPCV\rebt.htm --> ftpperso.free.fr / rebt.htm
101.08.09 15:26 B D:\WEBarpcv\ARPCV\index.htm --> ftpperso.free.fr / index.htm
101.08.27 09:19 B D:\WEBarpcv\ARPCV\fdc.htm --> ftpperso.free.fr / fdc.htm
101.09.10 09:18 B D:\WEBarpcv\ARPCV\calend.htm --> ftpperso.free.fr / calend.htm
101.09.10 09:18 B D:\WEBarpcv\ARPCV\index.htm --> ftpperso.free.fr / index.htm
101.09.28 17:00 B D:\WEBarpcv\ARPCV\histo.htm --> ftpperso.free.fr / histo.htm
101.09.28 17:00 B D:\WEBarpcv\ARPCV\reali.htm --> ftpperso.free.fr / reali.htm
101.09.28 17:00 B D:\WEBarpcv\ARPCV\livre.htm --> ftpperso.free.fr / livre.htm
101.09.28 17:01 B D:\WEBarpcv\ARPCV\auteurs.htm --> ftpperso.free.fr / auteurs.htm
101.09.28 17:01 B D:\WEBarpcv\ARPCV\pedago.htm --> ftpperso.free.fr / pedago.htm
101.09.28 17:01 B D:\WEBarpcv\ARPCV\rebt.htm --> ftpperso.free.fr / rebt.htm
101.09.28 17:01 B D:\WEBarpcv\ARPCV\index.htm --> ftpperso.free.fr / index.htm
101.09.28 18:04 B D:\WEBarpcv\ARPCV\index.htm --> ftpperso.free.fr / index.htm
101.10.10 11:30 B D:\WEBarpcv\ARPCV\rebt.htm --> ftpperso.free.fr / rebt.htm
101.10.10 11:32 B D:\WEBarpcv\ARPCV\index.htm --> ftpperso.free.fr / index.htm
101.10.31 18:10 B D:\WEBarpcv\ARPCV\100-0003_IMG.JPG --> ftpperso.free.fr / 100-0003_IMG.JPG
101.10.31 18:10 B D:\WEBarpcv\ARPCV\100-0003_RED.JPG --> ftpperso.free.fr / 100-0003_RED.JPG
101.10.31 18:10 B D:\WEBarpcv\ARPCV\100-0006_IMG.JPG --> ftpperso.free.fr / 100-0006_IMG.JPG
101.10.31 18:10 B D:\WEBarpcv\ARPCV\100-0006_RED.JPG --> ftpperso.free.fr / 100-0006_RED.JPG
101.10.31 18:10 B D:\WEBarpcv\ARPCV\100-0008_IMG.JPG --> ftpperso.free.fr / 100-0008_IMG.JPG
101.10.31 18:10 B D:\WEBarpcv\ARPCV\100-0008_RED.JPG --> ftpperso.free.fr / 100-0008_RED.JPG
101.10.31 18:10 B D:\WEBarpcv\ARPCV\100-0010_IMG.JPG --> ftpperso.free.fr / 100-0010_IMG.JPG
101.10.31 18:10 B D:\WEBarpcv\ARPCV\100-0010_RED.JPG --> ftpperso.free.fr / 100-0010_RED.JPG
101.10.31 18:10 B D:\WEBarpcv\ARPCV\100-0016_IMG.JPG --> ftpperso.free.fr / 100-0016_IMG.JPG
101.10.31 18:10 B D:\WEBarpcv\ARPCV\100-0016_RED.JPG --> ftpperso.free.fr / 100-0016_RED.JPG
101.10.31 18:10 B D:\WEBarpcv\ARPCV\100-0018_IMG.JPG --> ftpperso.free.fr / 100-0018_IMG.JPG
101.10.31 18:10 B D:\WEBarpcv\ARPCV\100-0018_RED.JPG --> ftpperso.free.fr / 100-0018_RED.JPG
101.10.31 18:10 B D:\WEBarpcv\ARPCV\100-0021_IMG.JPG --> ftpperso.free.fr / 100-0021_IMG.JPG
101.10.31 18:10 B D:\WEBarpcv\ARPCV\100-0021_RED.JPG --> ftpperso.free.fr / 100-0021_RED.JPG
101.10.31 18:10 B D:\WEBarpcv\ARPCV\100-0022_IMG.JPG --> ftpperso.free.fr / 100-0022_IMG.JPG
101.10.31 18:10 B D:\WEBarpcv\ARPCV\100-0022_RED.JPG --> ftpperso.free.fr / 100-0022_RED.JPG
101.10.31 18:10 B D:\WEBarpcv\ARPCV\100-0026_IMG.JPG --> ftpperso.free.fr / 100-0026_IMG.JPG
101.10.31 18:10 B D:\WEBarpcv\ARPCV\100-0026_RED.JPG --> ftpperso.free.fr / 100-0026_RED.JPG
101.10.31 18:10 B D:\WEBarpcv\ARPCV\100-0030_IMG.JPG --> ftpperso.free.fr / 100-0030_IMG.JPG
101.10.31 18:10 B D:\WEBarpcv\ARPCV\100-0030_RED.JPG --> ftpperso.free.fr / 100-0030_RED.JPG
101.10.31 18:10 B D:\WEBarpcv\ARPCV\100-0031_IMG.JPG --> ftpperso.free.fr / 100-0031_IMG.JPG
101.10.31 18:10 B D:\WEBarpcv\ARPCV\100-0031_RED.JPG --> ftpperso.free.fr / 100-0031_RED.JPG
101.10.31 18:10 B D:\WEBarpcv\ARPCV\100-0039_IMG.JPG --> ftpperso.free.fr / 100-0039_IMG.JPG
101.10.31 18:10 B D:\WEBarpcv\ARPCV\100-0039_red.jpg --> ftpperso.free.fr / 100-0039_red.jpg
101.10.31 18:10 B D:\WEBarpcv\ARPCV\100-0046_IMG.JPG --> ftpperso.free.fr / 100-0046_IMG.JPG
101.10.31 18:10 B D:\WEBarpcv\ARPCV\100-0046_RED.JPG --> ftpperso.free.fr / 100-0046_RED.JPG
101.10.31 18:10 B D:\WEBarpcv\ARPCV\100-0059_IMG.JPG --> ftpperso.free.fr / 100-0059_IMG.JPG
101.10.31 18:10 B D:\WEBarpcv\ARPCV\100-0059_RED.JPG --> ftpperso.free.fr / 100-0059_RED.JPG
101.10.31 18:12 B D:\WEBarpcv\ARPCV\carteplanta.jpg --> ftpperso.free.fr / carteplanta.jpg
101.10.31 18:12 B D:\WEBarpcv\ARPCV\carteplanta_red.jpg --> ftpperso.free.fr / carteplanta_red.jpg
101.10.31 18:12 B D:\WEBarpcv\ARPCV\cheneblanc99.jpg --> ftpperso.free.fr / cheneblanc99.jpg
101.10.31 18:12 B D:\WEBarpcv\ARPCV\cheneblanc99_red.jpg --> ftpperso.free.fr / cheneblanc99_red.jpg
101.10.31 18:13 B D:\WEBarpcv\ARPCV\EnfantsSteVictoire.jpg --> ftpperso.free.fr / EnfantsSteVictoire.jpg
101.10.31 18:13 B D:\WEBarpcv\ARPCV\EnfantsSteVictoire_red.jpg --> ftpperso.free.fr / EnfantsSteVictoire_red.jpg
101.10.31 18:13 B D:\WEBarpcv\ARPCV\frene.jpg --> ftpperso.free.fr / frene.jpg
101.10.31 18:13 B D:\WEBarpcv\ARPCV\frene1.jpg --> ftpperso.free.fr / frene1.jpg
101.10.31 18:13 B D:\WEBarpcv\ARPCV\frene_red.jpg --> ftpperso.free.fr / frene_red.jpg
101.10.31 18:13 B D:\WEBarpcv\ARPCV\frenefleur.jpg --> ftpperso.free.fr / frenefleur.jpg
101.10.31 18:13 B D:\WEBarpcv\ARPCV\frenefleur_red.jpg --> ftpperso.free.fr / frenefleur_red.jpg
101.10.31 18:14 B D:\WEBarpcv\ARPCV\programme.jpg --> ftpperso.free.fr / programme.jpg
101.10.31 18:14 B D:\WEBarpcv\ARPCV\programme_red.jpg --> ftpperso.free.fr / programme_red.jpg
101.10.31 18:14 B D:\WEBarpcv\ARPCV\reboisement1998.jpg --> ftpperso.free.fr / reboisement1998.jpg
101.10.31 18:14 B D:\WEBarpcv\ARPCV\reboisement1999.jpg --> ftpperso.free.fr / reboisement1999.jpg
101.10.31 18:14 B D:\WEBarpcv\ARPCV\reboisement1999_red.jpg --> ftpperso.free.fr / reboisement1999_red.jpg
101.10.31 18:14 B D:\WEBarpcv\ARPCV\reboist1998.jpg --> ftpperso.free.fr / reboist1998.jpg
101.10.31 18:14 B D:\WEBarpcv\ARPCV\reboist1998_red.jpg --> ftpperso.free.fr / reboist1998_red.jpg
101.10.31 18:15 B D:\WEBarpcv\ARPCV\standabeilles.jpg --> ftpperso.free.fr / standabeilles.jpg
101.10.31 18:15 B D:\WEBarpcv\ARPCV\standabeilles_red.jpg --> ftpperso.free.fr / standabeilles_red.jpg
101.10.31 18:15 B D:\WEBarpcv\ARPCV\standCouleurGarance.jpg --> ftpperso.free.fr / standCouleurGarance.jpg
101.10.31 18:15 B D:\WEBarpcv\ARPCV\standCouleurGarance_red.jpg --> ftpperso.free.fr / standCouleurGarance_red.jpg
101.10.31 18:15 B D:\WEBarpcv\ARPCV\standGazdeFce.jpg --> ftpperso.free.fr / standGazdeFce.jpg
101.10.31 18:15 B D:\WEBarpcv\ARPCV\standGazdeFce_red.jpg --> ftpperso.free.fr / standGazdeFce_red.jpg
101.10.31 18:15 B D:\WEBarpcv\ARPCV\standMAcreation.jpg --> ftpperso.free.fr / standMAcreation.jpg
101.10.31 18:15 B D:\WEBarpcv\ARPCV\standMAcreation_red.jpg --> ftpperso.free.fr / standMAcreation_red.jpg
101.10.31 18:15 B D:\WEBarpcv\ARPCV\StandMarie.jpg --> ftpperso.free.fr / StandMarie.jpg
101.10.31 18:15 B D:\WEBarpcv\ARPCV\StandMarie_red.jpg --> ftpperso.free.fr / StandMarie_red.jpg
101.10.31 18:15 B D:\WEBarpcv\ARPCV\standoeufdino.jpg --> ftpperso.free.fr / standoeufdino.jpg
101.10.31 18:15 B D:\WEBarpcv\ARPCV\standoeufdino_red.jpg --> ftpperso.free.fr / standoeufdino_red.jpg
101.10.31 18:15 B D:\WEBarpcv\ARPCV\standONF.jpg --> ftpperso.free.fr / standONF.jpg
101.10.31 18:15 B D:\WEBarpcv\ARPCV\standONF_red.jpg --> ftpperso.free.fr / standONF_red.jpg
101.10.31 18:15 B D:\WEBarpcv\ARPCV\standSABAST.jpg --> ftpperso.free.fr / standSABAST.jpg
101.10.31 18:15 B D:\WEBarpcv\ARPCV\standSABAST_red.jpg --> ftpperso.free.fr / standSABAST_red.jpg
101.10.31 18:15 B D:\WEBarpcv\ARPCV\standSIVU.jpg --> ftpperso.free.fr / standSIVU.jpg
101.10.31 18:15 B D:\WEBarpcv\ARPCV\standSIVU_red.jpg --> ftpperso.free.fr / standSIVU_red.jpg
101.10.31 18:15 B D:\WEBarpcv\ARPCV\stevictoire.jpg --> ftpperso.free.fr / stevictoire.jpg
101.10.31 18:15 B D:\WEBarpcv\ARPCV\stevictoire1.jpg --> ftpperso.free.fr / stevictoire1.jpg
101.10.31 18:16 B D:\WEBarpcv\ARPCV\zoomalisier.jpg --> ftpperso.free.fr / zoomalisier.jpg
101.10.31 18:16 B D:\WEBarpcv\ARPCV\zoomfrene.jpg --> ftpperso.free.fr / zoomfrene.jpg
101.10.31 18:16 B D:\WEBarpcv\ARPCV\zoomfrene_red.jpg --> ftpperso.free.fr / zoomfrene_red.jpg
101.10.31 18:17 B D:\WEBarpcv\ARPCV\fetenat2000.htm --> ftpperso.free.fr / fetenat2000.htm
101.10.31 18:17 B D:\WEBarpcv\ARPCV\fetenat2001.htm --> ftpperso.free.fr / fetenat2001.htm
101.10.31 18:17 B D:\WEBarpcv\ARPCV\histo.htm --> ftpperso.free.fr / histo.htm
101.10.31 18:17 B D:\WEBarpcv\ARPCV\adhes.htm --> ftpperso.free.fr / adhes.htm
101.10.31 18:18 B D:\WEBarpcv\ARPCV\bureau.htm --> ftpperso.free.fr / bureau.htm
101.10.31 18:18 B D:\WEBarpcv\ARPCV\coord.htm --> ftpperso.free.fr / coord.htm
101.10.31 18:18 B D:\WEBarpcv\ARPCV\reseau.htm --> ftpperso.free.fr / reseau.htm
101.10.31 18:18 B D:\WEBarpcv\ARPCV\rebt.htm --> ftpperso.free.fr / rebt.htm
101.10.31 18:20 B D:\WEBarpcv\ARPCV\index.htm --> ftpperso.free.fr / index.htm
101.10.31 18:32 B D:\WEBarpcv\ARPCV\standCouleurGarance.jpg --> ftpperso.free.fr / standCouleurGarance.jpg
101.10.31 18:32 B D:\WEBarpcv\ARPCV\standCouleurGarance_red.jpg --> ftpperso.free.fr / standCouleurGarance_red.jpg
101.10.31 18:32 B D:\WEBarpcv\ARPCV\standoeufdino.jpg --> ftpperso.free.fr / standoeufdino.jpg
101.10.31 18:32 B D:\WEBarpcv\ARPCV\standoeufdino_red.jpg --> ftpperso.free.fr / standoeufdino_red.jpg
101.10.31 18:33 B D:\WEBarpcv\ARPCV\fetenat2000.htm --> ftpperso.free.fr / fetenat2000.htm
101.11.05 18:05 B D:\WEBarpcv\ARPCV\assoc.htm --> ftpperso.free.fr / assoc.htm
101.11.05 18:05 B D:\WEBarpcv\ARPCV\histo.htm --> ftpperso.free.fr / histo.htm
101.11.05 18:06 B D:\WEBarpcv\ARPCV\bureau.htm --> ftpperso.free.fr / bureau.htm
101.11.05 18:06 B D:\WEBarpcv\ARPCV\label.htm --> ftpperso.free.fr / label.htm
101.11.05 18:06 B D:\WEBarpcv\ARPCV\reseau.htm --> ftpperso.free.fr / reseau.htm
101.11.05 18:06 B D:\WEBarpcv\ARPCV\coord.htm --> ftpperso.free.fr / coord.htm
101.11.05 18:07 B D:\WEBarpcv\ARPCV\adhes.htm --> ftpperso.free.fr / adhes.htm
101.11.05 18:07 B D:\WEBarpcv\ARPCV\index.htm --> ftpperso.free.fr / index.htm
101.11.05 18:19 B D:\WEBarpcv\ARPCV\adhes.htm --> ftpperso.free.fr / adhes.htm
101.11.05 18:19 B D:\WEBarpcv\ARPCV\bureau.htm --> ftpperso.free.fr / bureau.htm
101.11.05 18:20 B D:\WEBarpcv\ARPCV\histo.htm --> ftpperso.free.fr / histo.htm
101.11.05 18:20 B D:\WEBarpcv\ARPCV\label.htm --> ftpperso.free.fr / label.htm
101.11.05 18:20 B D:\WEBarpcv\ARPCV\bureau.htm --> ftpperso.free.fr / bureau.htm
101.11.05 18:20 B D:\WEBarpcv\ARPCV\journal.htm --> ftpperso.free.fr / journal.htm
101.11.05 18:20 B D:\WEBarpcv\ARPCV\reseau.htm --> ftpperso.free.fr / reseau.htm
101.11.05 18:20 B D:\WEBarpcv\ARPCV\coord.htm --> ftpperso.free.fr / coord.htm
101.11.05 18:21 B D:\WEBarpcv\ARPCV\adhes.htm --> ftpperso.free.fr / adhes.htm
101.11.12 12:00 B D:\WEBarpcv\ARPCV\rebtannu.htm --> ftpperso.free.fr / rebtannu.htm
101.11.12 12:00 B D:\WEBarpcv\ARPCV\rebtbilan.htm --> ftpperso.free.fr / rebtbilan.htm
101.11.12 12:00 B D:\WEBarpcv\ARPCV\rebtcalanq.htm --> ftpperso.free.fr / rebtcalanq.htm
101.11.12 12:00 B D:\WEBarpcv\ARPCV\rebtcons.htm --> ftpperso.free.fr / rebtcons.htm
101.11.12 12:00 B D:\WEBarpcv\ARPCV\rebtentre.htm --> ftpperso.free.fr / rebtentre.htm
101.11.12 12:00 B D:\WEBarpcv\ARPCV\rebtesp.htm --> ftpperso.free.fr / rebtesp.htm
101.11.12 12:01 B D:\WEBarpcv\ARPCV\rebthinon.htm --> ftpperso.free.fr / rebthinon.htm
101.11.12 12:01 B D:\WEBarpcv\ARPCV\rebtmetho.htm --> ftpperso.free.fr / rebtmetho.htm
101.11.12 12:01 B D:\WEBarpcv\ARPCV\rebtnext.htm --> ftpperso.free.fr / rebtnext.htm
101.11.12 12:01 B D:\WEBarpcv\ARPCV\rebtprepa.htm --> ftpperso.free.fr / rebtprepa.htm
101.11.12 12:01 B D:\WEBarpcv\ARPCV\rebtsites.htm --> ftpperso.free.fr / rebtsites.htm
101.11.12 12:01 B D:\WEBarpcv\ARPCV\rebttechn.htm --> ftpperso.free.fr / rebttechn.htm
101.11.12 12:01 B D:\WEBarpcv\ARPCV\rebt.htm --> ftpperso.free.fr / rebt.htm
101.11.12 12:01 B D:\WEBarpcv\ARPCV\index.htm --> ftpperso.free.fr / index.htm
101.11.12 12:31 B D:\WEBarpcv\ARPCV\APMNE.htm --> ftpperso.free.fr / APMNE.htm
101.11.12 12:31 B D:\WEBarpcv\ARPCV\auteurs.htm --> ftpperso.free.fr / auteurs.htm
101.11.12 12:32 B D:\WEBarpcv\ARPCV\rebt.htm --> ftpperso.free.fr / rebt.htm
101.11.12 12:32 B D:\WEBarpcv\ARPCV\rebtmetho.htm --> ftpperso.free.fr / rebtmetho.htm
101.11.16 08:46 B D:\WEBarpcv\ARPCV\zoomalisier_red.jpg --> ftpperso.free.fr / zoomalisier_red.jpg
101.11.16 08:46 B D:\WEBarpcv\ARPCV\assoc.htm --> ftpperso.free.fr / assoc.htm
101.11.16 08:46 B D:\WEBarpcv\ARPCV\histo.htm --> ftpperso.free.fr / histo.htm
101.11.16 08:46 B D:\WEBarpcv\ARPCV\rebtesp.htm --> ftpperso.free.fr / rebtesp.htm
101.11.16 08:47 B D:\WEBarpcv\ARPCV\rebtmetho.htm --> ftpperso.free.fr / rebtmetho.htm
101.11.16 08:47 B D:\WEBarpcv\ARPCV\auteurs.htm --> ftpperso.free.fr / auteurs.htm
101.11.16 08:47 B D:\WEBarpcv\ARPCV\index.htm --> ftpperso.free.fr / index.htm
101.11.21 09:27 B D:\WEBarpcv\ARPCV\Act_red.gif --> ftpperso.free.fr / Act_red.gif
101.11.21 09:27 B D:\WEBarpcv\ARPCV\Ad_red.gif --> ftpperso.free.fr / Ad_red.gif
101.11.21 09:28 B D:\WEBarpcv\ARPCV\aide2_red.jpg --> ftpperso.free.fr / aide2_red.jpg
101.11.21 09:28 B D:\WEBarpcv\ARPCV\bien_red.gif --> ftpperso.free.fr / bien_red.gif
101.11.21 09:28 B D:\WEBarpcv\ARPCV\cartebarrage_red.jpg --> ftpperso.free.fr / cartebarrage_red.jpg
101.11.21 09:28 B D:\WEBarpcv\ARPCV\cartecaban_red.jpg --> ftpperso.free.fr / cartecaban_red.jpg
101.11.21 09:28 B D:\WEBarpcv\ARPCV\cartechico_red.jpg --> ftpperso.free.fr / cartechico_red.jpg
101.11.21 09:28 B D:\WEBarpcv\ARPCV\cartepap_red.jpg --> ftpperso.free.fr / cartepap_red.jpg
101.11.21 09:28 B D:\WEBarpcv\ARPCV\carteplanta_red.jpg --> ftpperso.free.fr / carteplanta_red.jpg
101.11.21 09:28 B D:\WEBarpcv\ARPCV\cartestant_red.jpg --> ftpperso.free.fr / cartestant_red.jpg
101.11.21 09:29 B D:\WEBarpcv\ARPCV\cartes.htm --> ftpperso.free.fr / cartes.htm
101.11.21 09:29 B D:\WEBarpcv\ARPCV\cartetulip_red.jpg --> ftpperso.free.fr / cartetulip_red.jpg
101.11.21 09:29 B D:\WEBarpcv\ARPCV\cartmoul_red.jpg --> ftpperso.free.fr / cartmoul_red.jpg
101.11.21 09:29 B D:\WEBarpcv\ARPCV\CD_red.gif --> ftpperso.free.fr / CD_red.gif
101.11.21 09:29 B D:\WEBarpcv\ARPCV\cdrom.htm --> ftpperso.free.fr / cdrom.htm
101.11.21 09:29 B D:\WEBarpcv\ARPCV\cheneblanc99_red.jpg --> ftpperso.free.fr / cheneblanc99_red.jpg
101.11.21 09:29 B D:\WEBarpcv\ARPCV\chene1.jpg --> ftpperso.free.fr / chene1.jpg
101.11.21 09:29 B D:\WEBarpcv\ARPCV\cdrom.htm --> ftpperso.free.fr / cdrom.htm
101.11.21 09:30 B D:\WEBarpcv\ARPCV\CD_red.gif --> ftpperso.free.fr / CD_red.gif
101.11.21 09:30 B D:\WEBarpcv\ARPCV\cdcouv.gif --> ftpperso.free.fr / cdcouv.gif
101.11.21 09:30 B D:\WEBarpcv\ARPCV\cdrom.htm --> ftpperso.free.fr / cdrom.htm
101.11.21 09:30 B D:\WEBarpcv\ARPCV\coord.htm --> ftpperso.free.fr / coord.htm
101.11.21 09:30 B D:\WEBarpcv\ARPCV\couvfdc.gif --> ftpperso.free.fr / couvfdc.gif
101.11.21 09:30 B D:\WEBarpcv\ARPCV\encours2.gif --> ftpperso.free.fr / encours2.gif
101.11.21 09:30 B D:\WEBarpcv\ARPCV\exlivre_red.gif --> ftpperso.free.fr / exlivre_red.gif
101.11.21 09:30 B D:\WEBarpcv\ARPCV\Fd2.gif --> ftpperso.free.fr / Fd2.gif
101.11.21 09:30 B D:\WEBarpcv\ARPCV\fdc.htm --> ftpperso.free.fr / fdc.htm
101.11.21 09:30 B D:\WEBarpcv\ARPCV\frene.jpg --> ftpperso.free.fr / frene.jpg
101.11.21 09:30 B D:\WEBarpcv\ARPCV\frene1.jpg --> ftpperso.free.fr / frene1.jpg
101.11.21 09:30 B D:\WEBarpcv\ARPCV\frene_red.jpg --> ftpperso.free.fr / frene_red.jpg
101.11.21 09:30 B D:\WEBarpcv\ARPCV\frenefleur.jpg --> ftpperso.free.fr / frenefleur.jpg
101.11.21 09:31 B D:\WEBarpcv\ARPCV\frenefleur_red.jpg --> ftpperso.free.fr / frenefleur_red.jpg
101.11.21 09:31 B D:\WEBarpcv\ARPCV\genFaune.jpg --> ftpperso.free.fr / genFaune.jpg
101.11.21 09:31 B D:\WEBarpcv\ARPCV\genFlore.jpg --> ftpperso.free.fr / genFlore.jpg
101.11.21 09:31 B D:\WEBarpcv\ARPCV\genFlore1.jpg --> ftpperso.free.fr / genFlore1.jpg
101.11.21 09:31 B D:\WEBarpcv\ARPCV\guid.htm --> ftpperso.free.fr / guid.htm
101.11.21 09:31 B D:\WEBarpcv\ARPCV\guide.jpg --> ftpperso.free.fr / guide.jpg
101.11.21 09:31 B D:\WEBarpcv\ARPCV\guide_red.jpg --> ftpperso.free.fr / guide_red.jpg
101.11.21 09:31 B D:\WEBarpcv\ARPCV\Hist.gif --> ftpperso.free.fr / Hist.gif
101.11.21 09:31 B D:\WEBarpcv\ARPCV\Hist_red.gif --> ftpperso.free.fr / Hist_red.gif
101.11.21 09:31 B D:\WEBarpcv\ARPCV\histo.htm --> ftpperso.free.fr / histo.htm
101.11.21 09:31 B D:\WEBarpcv\ARPCV\journal.htm --> ftpperso.free.fr / journal.htm
101.11.21 09:31 B D:\WEBarpcv\ARPCV\label.htm --> ftpperso.free.fr / label.htm
101.11.21 09:31 B D:\WEBarpcv\ARPCV\livre.htm --> ftpperso.free.fr / livre.htm
101.11.21 09:31 B D:\WEBarpcv\ARPCV\Livres.gif --> ftpperso.free.fr / Livres.gif
101.11.21 09:31 B D:\WEBarpcv\ARPCV\Livres_red.gif --> ftpperso.free.fr / Livres_red.gif
101.11.21 09:32 B D:\WEBarpcv\ARPCV\livsent.gif --> ftpperso.free.fr / livsent.gif
101.11.21 09:32 B D:\WEBarpcv\ARPCV\livsent_red.gif --> ftpperso.free.fr / livsent_red.gif
101.11.21 09:32 B D:\WEBarpcv\ARPCV\logoAix.gif --> ftpperso.free.fr / logoAix.gif
101.11.21 09:32 B D:\WEBarpcv\ARPCV\logobanqpop.gif --> ftpperso.free.fr / logobanqpop.gif
101.11.21 09:32 B D:\WEBarpcv\ARPCV\logocg13.gif --> ftpperso.free.fr / logocg13.gif
101.11.21 09:32 B D:\WEBarpcv\ARPCV\logocommunes.gif --> ftpperso.free.fr / logocommunes.gif
101.11.21 09:32 B D:\WEBarpcv\ARPCV\logodiren.gif --> ftpperso.free.fr / logodiren.gif
101.11.21 09:32 B D:\WEBarpcv\ARPCV\logofac1.gif --> ftpperso.free.fr / logofac1.gif
101.11.21 09:32 B D:\WEBarpcv\ARPCV\logogazdefce.gif --> ftpperso.free.fr / logogazdefce.gif
101.11.21 09:32 B D:\WEBarpcv\ARPCV\logoours.gif --> ftpperso.free.fr / logoours.gif
101.11.21 09:32 B D:\WEBarpcv\ARPCV\logoPACA.gif --> ftpperso.free.fr / logoPACA.gif
101.11.21 09:32 B D:\WEBarpcv\ARPCV\logopatagonia.gif --> ftpperso.free.fr / logopatagonia.gif
101.11.21 09:32 B D:\WEBarpcv\ARPCV\logorectorat.gif --> ftpperso.free.fr / logorectorat.gif
101.11.21 09:32 B D:\WEBarpcv\ARPCV\logorousset.gif --> ftpperso.free.fr / logorousset.gif
101.11.21 09:32 B D:\WEBarpcv\ARPCV\logosivu.gif --> ftpperso.free.fr / logosivu.gif
101.11.21 09:32 B D:\WEBarpcv\ARPCV\logosivu1.gif --> ftpperso.free.fr / logosivu1.gif
101.11.21 09:32 B D:\WEBarpcv\ARPCV\logoST.gif --> ftpperso.free.fr / logoST.gif
101.11.21 09:32 B D:\WEBarpcv\ARPCV\mail17.gif --> ftpperso.free.fr / mail17.gif
101.11.21 09:32 B D:\WEBarpcv\ARPCV\marne.jpg --> ftpperso.free.fr / marne.jpg
101.11.21 09:32 B D:\WEBarpcv\ARPCV\net1.gif --> ftpperso.free.fr / net1.gif
101.11.21 09:32 B D:\WEBarpcv\ARPCV\net1_red.gif --> ftpperso.free.fr / net1_red.gif
101.11.21 09:32 B D:\WEBarpcv\ARPCV\New-sstitre.gif --> ftpperso.free.fr / New-sstitre.gif
101.11.21 09:32 B D:\WEBarpcv\ARPCV\New-sstitre_red.gif --> ftpperso.free.fr / New-sstitre_red.gif
101.11.21 09:32 B D:\WEBarpcv\ARPCV\Newac.gif --> ftpperso.free.fr / Newac.gif
101.11.21 09:32 B D:\WEBarpcv\ARPCV\Newad.gif --> ftpperso.free.fr / Newad.gif
101.11.21 09:32 B D:\WEBarpcv\ARPCV\Newcal.gif --> ftpperso.free.fr / Newcal.gif
101.11.21 09:32 B D:\WEBarpcv\ARPCV\Newcoord.gif --> ftpperso.free.fr / Newcoord.gif
101.11.21 09:32 B D:\WEBarpcv\ARPCV\Newfoto.gif --> ftpperso.free.fr / Newfoto.gif
101.11.21 09:32 B D:\WEBarpcv\ARPCV\Newhist.gif --> ftpperso.free.fr / Newhist.gif
101.11.21 09:32 B D:\WEBarpcv\ARPCV\Newjour.gif --> ftpperso.free.fr / Newjour.gif
101.11.21 09:32 B D:\WEBarpcv\ARPCV\Newpedago.gif --> ftpperso.free.fr / Newpedago.gif
101.11.21 09:32 B D:\WEBarpcv\ARPCV\Newproj.gif --> ftpperso.free.fr / Newproj.gif
101.11.21 09:32 B D:\WEBarpcv\ARPCV\Newreali.gif --> ftpperso.free.fr / Newreali.gif
101.11.21 09:32 B D:\WEBarpcv\ARPCV\Newreb.gif --> ftpperso.free.fr / Newreb.gif
101.11.21 09:32 B D:\WEBarpcv\ARPCV\Newrej.gif --> ftpperso.free.fr / Newrej.gif
101.11.21 09:32 B D:\WEBarpcv\ARPCV\oiseau.htm --> ftpperso.free.fr / oiseau.htm
101.11.21 09:32 B D:\WEBarpcv\ARPCV\oiseaux.gif --> ftpperso.free.fr / oiseaux.gif
101.11.21 09:32 B D:\WEBarpcv\ARPCV\oiseaux_red.gif --> ftpperso.free.fr / oiseaux_red.gif
101.11.21 09:32 B D:\WEBarpcv\ARPCV\partenaire.htm --> ftpperso.free.fr / partenaire.htm
101.11.21 09:32 B D:\WEBarpcv\ARPCV\partenaireA.htm --> ftpperso.free.fr / partenaireA.htm
101.11.21 09:32 B D:\WEBarpcv\ARPCV\pedago.htm --> ftpperso.free.fr / pedago.htm
101.11.21 09:32 B D:\WEBarpcv\ARPCV\pedagoA.htm --> ftpperso.free.fr / pedagoA.htm
101.11.21 09:32 B D:\WEBarpcv\ARPCV\photo.htm --> ftpperso.free.fr / photo.htm
101.11.21 09:32 B D:\WEBarpcv\ARPCV\plant.jpg --> ftpperso.free.fr / plant.jpg
101.11.21 09:32 B D:\WEBarpcv\ARPCV\poisson.htm --> ftpperso.free.fr / poisson.htm
101.11.21 09:32 B D:\WEBarpcv\ARPCV\programme.jpg --> ftpperso.free.fr / programme.jpg
101.11.21 09:32 B D:\WEBarpcv\ARPCV\programme_red.jpg --> ftpperso.free.fr / programme_red.jpg
101.11.21 09:32 B D:\WEBarpcv\ARPCV\Puce.gif --> ftpperso.free.fr / Puce.gif
101.11.21 09:32 B D:\WEBarpcv\ARPCV\reali.htm --> ftpperso.free.fr / reali.htm
101.11.21 09:32 B D:\WEBarpcv\ARPCV\realiA.htm --> ftpperso.free.fr / realiA.htm
101.11.21 09:32 B D:\WEBarpcv\ARPCV\Reb.gif --> ftpperso.free.fr / Reb.gif
101.11.21 09:32 B D:\WEBarpcv\ARPCV\Reb_red.gif --> ftpperso.free.fr / Reb_red.gif
101.11.21 09:32 B D:\WEBarpcv\ARPCV\reboise.htm --> ftpperso.free.fr / reboise.htm
101.11.21 09:32 B D:\WEBarpcv\ARPCV\reboisement1998.jpg --> ftpperso.free.fr / reboisement1998.jpg
101.11.21 09:32 B D:\WEBarpcv\ARPCV\reboisement1999.jpg --> ftpperso.free.fr / reboisement1999.jpg
101.11.21 09:32 B D:\WEBarpcv\ARPCV\reboisement1999_red.jpg --> ftpperso.free.fr / reboisement1999_red.jpg
101.11.21 09:32 B D:\WEBarpcv\ARPCV\reboist1998.jpg --> ftpperso.free.fr / reboist1998.jpg
101.11.21 09:32 B D:\WEBarpcv\ARPCV\reboist1998_red.jpg --> ftpperso.free.fr / reboist1998_red.jpg
101.11.21 09:32 B D:\WEBarpcv\ARPCV\rebt.htm --> ftpperso.free.fr / rebt.htm
101.11.21 09:32 B D:\WEBarpcv\ARPCV\rebt_copy.html --> ftpperso.free.fr / rebt_copy.html
101.11.21 09:32 B D:\WEBarpcv\ARPCV\rebtA.htm --> ftpperso.free.fr / rebtA.htm
101.11.21 09:32 B D:\WEBarpcv\ARPCV\rebtannu.htm --> ftpperso.free.fr / rebtannu.htm
101.11.21 09:33 B D:\WEBarpcv\ARPCV\rebtbilan.htm --> ftpperso.free.fr / rebtbilan.htm
101.11.21 09:33 B D:\WEBarpcv\ARPCV\rebtcalanq.htm --> ftpperso.free.fr / rebtcalanq.htm
101.11.21 09:33 B D:\WEBarpcv\ARPCV\rebtcons.htm --> ftpperso.free.fr / rebtcons.htm
101.11.21 09:33 B D:\WEBarpcv\ARPCV\rebtentre.htm --> ftpperso.free.fr / rebtentre.htm
101.11.21 09:33 B D:\WEBarpcv\ARPCV\rebtesp.htm --> ftpperso.free.fr / rebtesp.htm
101.11.21 09:33 B D:\WEBarpcv\ARPCV\rebthinon.htm --> ftpperso.free.fr / rebthinon.htm
101.11.21 09:33 B D:\WEBarpcv\ARPCV\rebtmetho.htm --> ftpperso.free.fr / rebtmetho.htm
101.11.21 09:33 B D:\WEBarpcv\ARPCV\rebtnext.htm --> ftpperso.free.fr / rebtnext.htm
101.11.21 09:33 B D:\WEBarpcv\ARPCV\rebtprepa.htm --> ftpperso.free.fr / rebtprepa.htm
101.11.21 09:33 B D:\WEBarpcv\ARPCV\rebtsites.htm --> ftpperso.free.fr / rebtsites.htm
101.11.21 09:33 B D:\WEBarpcv\ARPCV\rebttechn.htm --> ftpperso.free.fr / rebttechn.htm
101.11.21 09:33 B D:\WEBarpcv\ARPCV\reseau.htm --> ftpperso.free.fr / reseau.htm
101.11.21 09:33 B D:\WEBarpcv\ARPCV\reseauA.htm --> ftpperso.free.fr / reseauA.htm
101.11.21 09:33 B D:\WEBarpcv\ARPCV\rompre.htm --> ftpperso.free.fr / rompre.htm
101.11.21 09:33 B D:\WEBarpcv\ARPCV\semgland.htm --> ftpperso.free.fr / semgland.htm
101.11.21 09:33 B D:\WEBarpcv\ARPCV\semis.htm --> ftpperso.free.fr / semis.htm
101.11.21 09:33 B D:\WEBarpcv\ARPCV\sentier1.jpg --> ftpperso.free.fr / sentier1.jpg
101.11.21 09:33 B D:\WEBarpcv\ARPCV\serre.htm --> ftpperso.free.fr / serre.htm
101.11.21 09:33 B D:\WEBarpcv\ARPCV\sorbier.htm --> ftpperso.free.fr / sorbier.htm
101.11.21 09:33 B D:\WEBarpcv\ARPCV\sourcevie.htm --> ftpperso.free.fr / sourcevie.htm
101.11.21 09:33 B D:\WEBarpcv\ARPCV\sstitre.gif --> ftpperso.free.fr / sstitre.gif
101.11.21 09:33 B D:\WEBarpcv\ARPCV\standabeilles.jpg --> ftpperso.free.fr / standabeilles.jpg
101.11.21 09:33 B D:\WEBarpcv\ARPCV\standabeilles_red.jpg --> ftpperso.free.fr / standabeilles_red.jpg
101.11.21 09:33 B D:\WEBarpcv\ARPCV\standCouleurGarance.jpg --> ftpperso.free.fr / standCouleurGarance.jpg
101.11.21 09:33 B D:\WEBarpcv\ARPCV\standCouleurGarance_red.jpg --> ftpperso.free.fr / standCouleurGarance_red.jpg
101.11.21 09:33 B D:\WEBarpcv\ARPCV\standGazdeFce.jpg --> ftpperso.free.fr / standGazdeFce.jpg
101.11.21 09:33 B D:\WEBarpcv\ARPCV\standGazdeFce_red.jpg --> ftpperso.free.fr / standGazdeFce_red.jpg
101.11.21 09:33 B D:\WEBarpcv\ARPCV\standMAcreation.jpg --> ftpperso.free.fr / standMAcreation.jpg
101.11.21 09:33 B D:\WEBarpcv\ARPCV\standMAcreation_red.jpg --> ftpperso.free.fr / standMAcreation_red.jpg
101.11.21 09:33 B D:\WEBarpcv\ARPCV\StandMarie.jpg --> ftpperso.free.fr / StandMarie.jpg
101.11.21 09:33 B D:\WEBarpcv\ARPCV\StandMarie_red.jpg --> ftpperso.free.fr / StandMarie_red.jpg
101.11.21 09:33 B D:\WEBarpcv\ARPCV\standoeufdino.jpg --> ftpperso.free.fr / standoeufdino.jpg
101.11.21 09:33 B D:\WEBarpcv\ARPCV\standoeufdino_red.jpg --> ftpperso.free.fr / standoeufdino_red.jpg
101.11.21 09:33 B D:\WEBarpcv\ARPCV\standONF.jpg --> ftpperso.free.fr / standONF.jpg
101.11.21 09:33 B D:\WEBarpcv\ARPCV\standONF_red.jpg --> ftpperso.free.fr / standONF_red.jpg
101.11.21 09:33 B D:\WEBarpcv\ARPCV\standSABAST.jpg --> ftpperso.free.fr / standSABAST.jpg
101.11.21 09:33 B D:\WEBarpcv\ARPCV\standSABAST_red.jpg --> ftpperso.free.fr / standSABAST_red.jpg
101.11.21 09:33 B D:\WEBarpcv\ARPCV\standSIVU.jpg --> ftpperso.free.fr / standSIVU.jpg
101.11.21 09:33 B D:\WEBarpcv\ARPCV\standSIVU_red.jpg --> ftpperso.free.fr / standSIVU_red.jpg
101.11.21 09:33 B D:\WEBarpcv\ARPCV\stevictoire.jpg --> ftpperso.free.fr / stevictoire.jpg
101.11.21 09:33 B D:\WEBarpcv\ARPCV\stevictoire1.jpg --> ftpperso.free.fr / stevictoire1.jpg
101.11.21 09:33 B D:\WEBarpcv\ARPCV\tel.gif --> ftpperso.free.fr / tel.gif
101.11.21 09:33 B D:\WEBarpcv\ARPCV\tholonet.htm --> ftpperso.free.fr / tholonet.htm
101.11.21 09:33 B D:\WEBarpcv\ARPCV\titrearpcv.gif --> ftpperso.free.fr / titrearpcv.gif
101.11.21 09:33 B D:\WEBarpcv\ARPCV\titreboncom.gif --> ftpperso.free.fr / titreboncom.gif
101.11.21 09:33 B D:\WEBarpcv\ARPCV\titrebul.gif --> ftpperso.free.fr / titrebul.gif
101.11.21 09:33 B D:\WEBarpcv\ARPCV\titrefdc.gif --> ftpperso.free.fr / titrefdc.gif
101.11.21 09:33 B D:\WEBarpcv\ARPCV\titrereal.gif --> ftpperso.free.fr / titrereal.gif
101.11.21 09:33 B D:\WEBarpcv\ARPCV\top.gif --> ftpperso.free.fr / top.gif
101.11.21 09:33 B D:\WEBarpcv\ARPCV\top2.gif --> ftpperso.free.fr / top2.gif
101.11.21 09:33 B D:\WEBarpcv\ARPCV\travaux.gif --> ftpperso.free.fr / travaux.gif
101.11.21 09:33 B D:\WEBarpcv\ARPCV\treeWHT.gif --> ftpperso.free.fr / treeWHT.gif
101.11.21 09:33 B D:\WEBarpcv\ARPCV\treeWHT2.gif --> ftpperso.free.fr / treeWHT2.gif
