107.11.27 20:50 B D:\SiteARPCV\PhotosRebt2007\023.JPG --> ftpperso.free.fr /PhotosRebt2007 023.JPG
107.11.27 20:51 B D:\SiteARPCV\PhotosRebt2007\024.JPG --> ftpperso.free.fr /PhotosRebt2007 024.JPG
107.11.27 20:51 B D:\SiteARPCV\PhotosRebt2007\024_red.JPG --> ftpperso.free.fr /PhotosRebt2007 024_red.JPG
107.11.27 20:52 B D:\SiteARPCV\PhotosRebt2007\028.JPG --> ftpperso.free.fr /PhotosRebt2007 028.JPG
107.11.27 20:52 B D:\SiteARPCV\PhotosRebt2007\HPIM1465.jpg --> ftpperso.free.fr /PhotosRebt2007 HPIM1465.jpg
107.11.27 20:52 B D:\SiteARPCV\PhotosRebt2007\HPIM1465_red.JPG --> ftpperso.free.fr /PhotosRebt2007 HPIM1465_red.JPG
107.11.27 20:52 B D:\SiteARPCV\PhotosRebt2007\HPIM1469.jpg --> ftpperso.free.fr /PhotosRebt2007 HPIM1469.jpg
107.11.27 20:52 B D:\SiteARPCV\PhotosRebt2007\HPIM1480.jpg --> ftpperso.free.fr /PhotosRebt2007 HPIM1480.jpg
107.11.27 20:52 B D:\SiteARPCV\PhotosRebt2007\HPIM1480_red.JPG --> ftpperso.free.fr /PhotosRebt2007 HPIM1480_red.JPG
107.11.27 20:52 B D:\SiteARPCV\PhotosRebt2007\HPIM1489.jpg --> ftpperso.free.fr /PhotosRebt2007 HPIM1489.jpg
107.11.27 20:52 B D:\SiteARPCV\PhotosRebt2007\HPIM1489_red.JPG --> ftpperso.free.fr /PhotosRebt2007 HPIM1489_red.JPG
107.11.27 20:52 B D:\SiteARPCV\PhotosRebt2007\HPIM1490.jpg --> ftpperso.free.fr /PhotosRebt2007 HPIM1490.jpg
107.11.27 20:52 B D:\SiteARPCV\PhotosRebt2007\HPIM1493.jpg --> ftpperso.free.fr /PhotosRebt2007 HPIM1493.jpg
107.11.27 20:52 B D:\SiteARPCV\PhotosRebt2007\HPIM1493_red.JPG --> ftpperso.free.fr /PhotosRebt2007 HPIM1493_red.JPG
107.11.27 20:52 B D:\SiteARPCV\PhotosRebt2007\HPIM1499.jpg --> ftpperso.free.fr /PhotosRebt2007 HPIM1499.jpg
107.11.27 20:52 B D:\SiteARPCV\PhotosRebt2007\HPIM1499_red.JPG --> ftpperso.free.fr /PhotosRebt2007 HPIM1499_red.JPG
107.11.27 20:52 B D:\SiteARPCV\PhotosRebt2007\HPIM1509.jpg --> ftpperso.free.fr /PhotosRebt2007 HPIM1509.jpg
107.11.27 20:52 B D:\SiteARPCV\PhotosRebt2007\HPIM1514.jpg --> ftpperso.free.fr /PhotosRebt2007 HPIM1514.jpg
107.11.27 20:52 B D:\SiteARPCV\PhotosRebt2007\HPIM1515.jpg --> ftpperso.free.fr /PhotosRebt2007 HPIM1515.jpg
107.11.27 20:52 B D:\SiteARPCV\PhotosRebt2007\HPIM1515_red.JPG --> ftpperso.free.fr /PhotosRebt2007 HPIM1515_red.JPG
107.11.27 20:52 B D:\SiteARPCV\PhotosRebt2007\HPIM1516.jpg --> ftpperso.free.fr /PhotosRebt2007 HPIM1516.jpg
107.11.27 20:52 B D:\SiteARPCV\PhotosRebt2007\HPIM1517.jpg --> ftpperso.free.fr /PhotosRebt2007 HPIM1517.jpg
107.11.27 20:52 B D:\SiteARPCV\PhotosRebt2007\HPIM1517_red.JPG --> ftpperso.free.fr /PhotosRebt2007 HPIM1517_red.JPG
107.11.27 20:52 B D:\SiteARPCV\PhotosRebt2007\HPIM1518.jpg --> ftpperso.free.fr /PhotosRebt2007 HPIM1518.jpg
107.11.27 20:52 B D:\SiteARPCV\PhotosRebt2007\HPIM1520.jpg --> ftpperso.free.fr /PhotosRebt2007 HPIM1520.jpg
107.11.27 20:52 B D:\SiteARPCV\PhotosRebt2007\HPIM1520_red.JPG --> ftpperso.free.fr /PhotosRebt2007 HPIM1520_red.JPG
107.11.27 20:52 B D:\SiteARPCV\PhotosRebt2007\Thumbs.db --> ftpperso.free.fr /PhotosRebt2007 Thumbs.db
107.11.27 20:52 B D:\SiteARPCV\PhotosRebt2007\~skAE.JPG --> ftpperso.free.fr /PhotosRebt2007 ~skAE.JPG
107.11.27 20:52 B D:\SiteARPCV\PhotosRebt2007\~skB0.JPG --> ftpperso.free.fr /PhotosRebt2007 ~skB0.JPG
107.11.29 19:39 B D:\SiteARPCV\PhotosRebt2007\HPIM1465.jpg <-- arpcv /PhotosRebt2007 HPIM1465.jpg
107.11.29 21:10 B D:\SiteARPCV\PhotosRebt2007\HPIM1469_red.jpg --> ftpperso.free.fr /PhotosRebt2007 HPIM1469_red.jpg
107.11.29 21:10 B D:\SiteARPCV\PhotosRebt2007\HPIM1490_red.jpg --> ftpperso.free.fr /PhotosRebt2007 HPIM1490_red.jpg
107.11.29 21:10 B D:\SiteARPCV\PhotosRebt2007\HPIM1509_red.jpg --> ftpperso.free.fr /PhotosRebt2007 HPIM1509_red.jpg
107.11.29 21:11 B D:\SiteARPCV\PhotosRebt2007\HPIM1514_red.jpg --> ftpperso.free.fr /PhotosRebt2007 HPIM1514_red.jpg
107.12.03 20:53 B D:\SiteARPCV\PhotosRebt2007\048_red.JPG --> ftpperso.free.fr /PhotosRebt2007 048_red.JPG
107.12.03 20:54 B D:\SiteARPCV\PhotosRebt2007\048.JPG --> ftpperso.free.fr /PhotosRebt2007 048.JPG
107.12.03 20:57 B D:\SiteARPCV\PhotosRebt2007\048_red.JPG <-- arpcv /PhotosRebt2007 048_red.JPG
108.06.12 15:50 B D:\SiteARPCV\PhotosRebt2007\023.JPG --> ftpperso.free.fr /PhotosRebt2007 023.JPG
108.06.12 15:51 B D:\SiteARPCV\PhotosRebt2007\024.JPG --> ftpperso.free.fr /PhotosRebt2007 024.JPG
108.06.12 15:52 B D:\SiteARPCV\PhotosRebt2007\024_red.JPG --> ftpperso.free.fr /PhotosRebt2007 024_red.JPG
108.06.12 15:53 B D:\SiteARPCV\PhotosRebt2007\028.JPG --> ftpperso.free.fr /PhotosRebt2007 028.JPG
108.06.12 15:54 B D:\SiteARPCV\PhotosRebt2007\048.JPG --> ftpperso.free.fr /PhotosRebt2007 048.JPG
108.06.12 15:54 B D:\SiteARPCV\PhotosRebt2007\048_red.JPG --> ftpperso.free.fr /PhotosRebt2007 048_red.JPG
108.06.12 15:54 B D:\SiteARPCV\PhotosRebt2007\HPIM1465.jpg --> ftpperso.free.fr /PhotosRebt2007 HPIM1465.jpg
108.06.12 15:54 B D:\SiteARPCV\PhotosRebt2007\HPIM1465_red.JPG --> ftpperso.free.fr /PhotosRebt2007 HPIM1465_red.JPG
108.06.12 15:55 B D:\SiteARPCV\PhotosRebt2007\HPIM1469.jpg --> ftpperso.free.fr /PhotosRebt2007 HPIM1469.jpg
108.06.12 15:55 B D:\SiteARPCV\PhotosRebt2007\HPIM1469_red.jpg --> ftpperso.free.fr /PhotosRebt2007 HPIM1469_red.jpg
108.06.12 15:55 B D:\SiteARPCV\PhotosRebt2007\HPIM1480.jpg --> ftpperso.free.fr /PhotosRebt2007 HPIM1480.jpg
108.06.12 15:55 B D:\SiteARPCV\PhotosRebt2007\HPIM1480_red.JPG --> ftpperso.free.fr /PhotosRebt2007 HPIM1480_red.JPG
108.06.12 15:55 B D:\SiteARPCV\PhotosRebt2007\HPIM1489.jpg --> ftpperso.free.fr /PhotosRebt2007 HPIM1489.jpg
108.06.12 15:55 B D:\SiteARPCV\PhotosRebt2007\HPIM1489_red.JPG --> ftpperso.free.fr /PhotosRebt2007 HPIM1489_red.JPG
108.06.12 15:55 B D:\SiteARPCV\PhotosRebt2007\HPIM1490.jpg --> ftpperso.free.fr /PhotosRebt2007 HPIM1490.jpg
108.06.12 15:55 B D:\SiteARPCV\PhotosRebt2007\HPIM1490_red.jpg --> ftpperso.free.fr /PhotosRebt2007 HPIM1490_red.jpg
108.06.12 15:55 B D:\SiteARPCV\PhotosRebt2007\HPIM1493.jpg --> ftpperso.free.fr /PhotosRebt2007 HPIM1493.jpg
108.06.12 15:55 B D:\SiteARPCV\PhotosRebt2007\HPIM1493_red.JPG --> ftpperso.free.fr /PhotosRebt2007 HPIM1493_red.JPG
108.06.12 15:55 B D:\SiteARPCV\PhotosRebt2007\HPIM1499.jpg --> ftpperso.free.fr /PhotosRebt2007 HPIM1499.jpg
108.06.12 15:55 B D:\SiteARPCV\PhotosRebt2007\HPIM1499_red.JPG --> ftpperso.free.fr /PhotosRebt2007 HPIM1499_red.JPG
108.06.12 15:55 B D:\SiteARPCV\PhotosRebt2007\HPIM1509.jpg --> ftpperso.free.fr /PhotosRebt2007 HPIM1509.jpg
108.06.12 15:55 B D:\SiteARPCV\PhotosRebt2007\HPIM1509_red.jpg --> ftpperso.free.fr /PhotosRebt2007 HPIM1509_red.jpg
108.06.12 15:55 B D:\SiteARPCV\PhotosRebt2007\HPIM1514.jpg --> ftpperso.free.fr /PhotosRebt2007 HPIM1514.jpg
108.06.12 15:55 B D:\SiteARPCV\PhotosRebt2007\HPIM1514_red.jpg --> ftpperso.free.fr /PhotosRebt2007 HPIM1514_red.jpg
108.06.12 15:55 B D:\SiteARPCV\PhotosRebt2007\HPIM1515.jpg --> ftpperso.free.fr /PhotosRebt2007 HPIM1515.jpg
108.06.12 15:55 B D:\SiteARPCV\PhotosRebt2007\HPIM1515_red.JPG --> ftpperso.free.fr /PhotosRebt2007 HPIM1515_red.JPG
108.06.12 15:55 B D:\SiteARPCV\PhotosRebt2007\HPIM1516.jpg --> ftpperso.free.fr /PhotosRebt2007 HPIM1516.jpg
108.06.12 15:55 B D:\SiteARPCV\PhotosRebt2007\HPIM1517.jpg --> ftpperso.free.fr /PhotosRebt2007 HPIM1517.jpg
108.06.12 15:55 B D:\SiteARPCV\PhotosRebt2007\HPIM1517_red.JPG --> ftpperso.free.fr /PhotosRebt2007 HPIM1517_red.JPG
108.06.12 15:55 B D:\SiteARPCV\PhotosRebt2007\HPIM1518.jpg --> ftpperso.free.fr /PhotosRebt2007 HPIM1518.jpg
108.06.12 15:55 B D:\SiteARPCV\PhotosRebt2007\HPIM1520.jpg --> ftpperso.free.fr /PhotosRebt2007 HPIM1520.jpg
108.06.12 15:55 B D:\SiteARPCV\PhotosRebt2007\HPIM1520_red.JPG --> ftpperso.free.fr /PhotosRebt2007 HPIM1520_red.JPG
108.06.12 15:55 B D:\SiteARPCV\PhotosRebt2007\Thumbs.db --> ftpperso.free.fr /PhotosRebt2007 Thumbs.db
