106.10.31 08:21 B D:\SiteSainteVictoire\Villages\Tholonet\chateau 2.jpg --> ftpperso.free.fr /v2/Tholonet chateau 2.jpg
106.10.31 08:21 B D:\SiteSainteVictoire\Villages\Tholonet\Fish.jpg --> ftpperso.free.fr /v2/Tholonet Fish.jpg
106.10.31 08:21 B D:\SiteSainteVictoire\Villages\Tholonet\Tholonet_acceuil.htm --> ftpperso.free.fr /v2/Tholonet Tholonet_acceuil.htm
106.10.31 08:21 B D:\SiteSainteVictoire\Villages\Tholonet\Tholonet_chapitres.htm --> ftpperso.free.fr /v2/Tholonet Tholonet_chapitres.htm
106.10.31 08:21 B D:\SiteSainteVictoire\Villages\Tholonet\Tholonet_Chateau.htm --> ftpperso.free.fr /v2/Tholonet Tholonet_Chateau.htm
106.10.31 08:21 B D:\SiteSainteVictoire\Villages\Tholonet\Tholonet_frame.htm --> ftpperso.free.fr /v2/Tholonet Tholonet_frame.htm
106.10.31 08:21 B D:\SiteSainteVictoire\Villages\Tholonet\Tholonet_titre.htm --> ftpperso.free.fr /v2/Tholonet Tholonet_titre.htm
106.10.31 08:21 B D:\SiteSainteVictoire\Villages\Tholonet\Thumbs.db --> ftpperso.free.fr /v2/Tholonet Thumbs.db
106.10.31 08:23 B D:\SiteSainteVictoire\Villages\Tholonet\chateau 2.jpg --> ftpperso.free.fr /v2/Villages/Tholonet chateau 2.jpg
106.10.31 08:23 B D:\SiteSainteVictoire\Villages\Tholonet\Fish.jpg --> ftpperso.free.fr /v2/Villages/Tholonet Fish.jpg
106.10.31 08:23 B D:\SiteSainteVictoire\Villages\Tholonet\Tholonet_acceuil.htm --> ftpperso.free.fr /v2/Villages/Tholonet Tholonet_acceuil.htm
106.10.31 08:23 B D:\SiteSainteVictoire\Villages\Tholonet\Tholonet_chapitres.htm --> ftpperso.free.fr /v2/Villages/Tholonet Tholonet_chapitres.htm
106.10.31 08:23 B D:\SiteSainteVictoire\Villages\Tholonet\Tholonet_Chateau.htm --> ftpperso.free.fr /v2/Villages/Tholonet Tholonet_Chateau.htm
106.10.31 08:23 B D:\SiteSainteVictoire\Villages\Tholonet\Tholonet_frame.htm --> ftpperso.free.fr /v2/Villages/Tholonet Tholonet_frame.htm
106.10.31 08:23 B D:\SiteSainteVictoire\Villages\Tholonet\Tholonet_titre.htm --> ftpperso.free.fr /v2/Villages/Tholonet Tholonet_titre.htm
106.10.31 08:23 B D:\SiteSainteVictoire\Villages\Tholonet\Thumbs.db --> ftpperso.free.fr /v2/Villages/Tholonet Thumbs.db
106.10.31 08:23 B D:\SiteSainteVictoire\Villages\Tholonet\WS_FTP.LOG --> ftpperso.free.fr /v2/Villages/Tholonet WS_FTP.LOG
106.10.31 08:55 B D:\SiteSainteVictoire\Villages\Tholonet\chateau 2.jpg --> ftpperso.free.fr /v2/Villages/Tholonet chateau 2.jpg
106.10.31 08:55 B D:\SiteSainteVictoire\Villages\Tholonet\Fish.jpg --> ftpperso.free.fr /v2/Villages/Tholonet Fish.jpg
106.10.31 08:55 B D:\SiteSainteVictoire\Villages\Tholonet\Tholonet_acceuil.htm --> ftpperso.free.fr /v2/Villages/Tholonet Tholonet_acceuil.htm
106.10.31 08:55 B D:\SiteSainteVictoire\Villages\Tholonet\Tholonet_chapitres.htm --> ftpperso.free.fr /v2/Villages/Tholonet Tholonet_chapitres.htm
106.10.31 08:55 B D:\SiteSainteVictoire\Villages\Tholonet\Tholonet_Chateau.htm --> ftpperso.free.fr /v2/Villages/Tholonet Tholonet_Chateau.htm
106.10.31 08:55 B D:\SiteSainteVictoire\Villages\Tholonet\Tholonet_frame.htm --> ftpperso.free.fr /v2/Villages/Tholonet Tholonet_frame.htm
106.10.31 08:55 B D:\SiteSainteVictoire\Villages\Tholonet\Tholonet_titre.htm --> ftpperso.free.fr /v2/Villages/Tholonet Tholonet_titre.htm
106.10.31 08:55 B D:\SiteSainteVictoire\Villages\Tholonet\Thumbs.db --> ftpperso.free.fr /v2/Villages/Tholonet Thumbs.db
106.10.31 08:55 B D:\SiteSainteVictoire\Villages\Tholonet\WS_FTP.LOG --> ftpperso.free.fr /v2/Villages/Tholonet WS_FTP.LOG
106.10.31 09:02 B D:\SiteSainteVictoire\villages\Tholonet\chateau 2.jpg --> ftpperso.free.fr /v2/villages/Tholonet chateau 2.jpg
106.10.31 09:02 B D:\SiteSainteVictoire\villages\Tholonet\Fish.jpg --> ftpperso.free.fr /v2/villages/Tholonet Fish.jpg
106.10.31 09:02 B D:\SiteSainteVictoire\villages\Tholonet\Tholonet_acceuil.htm --> ftpperso.free.fr /v2/villages/Tholonet Tholonet_acceuil.htm
106.10.31 09:02 B D:\SiteSainteVictoire\villages\Tholonet\Tholonet_chapitres.htm --> ftpperso.free.fr /v2/villages/Tholonet Tholonet_chapitres.htm
106.10.31 09:02 B D:\SiteSainteVictoire\villages\Tholonet\Tholonet_Chateau.htm --> ftpperso.free.fr /v2/villages/Tholonet Tholonet_Chateau.htm
106.10.31 09:02 B D:\SiteSainteVictoire\villages\Tholonet\Tholonet_frame.htm --> ftpperso.free.fr /v2/villages/Tholonet Tholonet_frame.htm
106.10.31 09:02 B D:\SiteSainteVictoire\villages\Tholonet\Tholonet_titre.htm --> ftpperso.free.fr /v2/villages/Tholonet Tholonet_titre.htm
106.10.31 09:02 B D:\SiteSainteVictoire\villages\Tholonet\Thumbs.db --> ftpperso.free.fr /v2/villages/Tholonet Thumbs.db
